{"uid":"ed8240689a6c6de6","name":"test_login_failed[chrome]","fullName":"tests.ui.auth.test_login.TestLogin#test_login_failed","historyId":"b602c7da2fb125d5a7ad979882328b15","time":{"start":1657868713353,"stop":1657868773878,"duration":60525},"status":"broken","statusMessage":"selenium.common.exceptions.TimeoutException: Message:","statusTrace":"self = <test_login.TestLogin object at 0x7ff79c20e110>\n\n    def test_login_failed(self):\n        # Login\n        login_page = LoginPage(self.driver)\n>       login_page.enter_username('invalid username')\n\ntests/ui/auth/test_login.py:15: \n_ _ _ _ _ _ _ _ _ _ _ _ _ _ _ _ _ _ _ _ _ _ _ _ _ _ _ _ _ _ _ _ _ _ _ _ _ _ _ _ \nfw/pages/login_page.py:14: in enter_username\n    input = self.get_element(self.USERNAME_CSS)\nutils/base_page.py:36: in get_element\n    .until(EC.visibility_of_element_located(locator))\n_ _ _ _ _ _ _ _ _ _ _ _ _ _ _ _ _ _ _ _ _ _ _ _ _ _ _ _ _ _ _ _ _ _ _ _ _ _ _ _ \n\nself = <selenium.webdriver.support.wait.WebDriverWait (session=\"c8082d27be3bb5b4b37e3e1b53e39185\")>\nmethod = <selenium.webdriver.support.expected_conditions.visibility_of_element_located object at 0x7ff79c210dd0>\nmessage = ''\n\n    def until(self, method, message=''):\n        \"\"\"Calls the method provided with the driver as an argument until the \\\n        return value is not False.\"\"\"\n        screen = None\n        stacktrace = None\n    \n        end_time = time.time() + self._timeout\n        while True:\n            try:\n                value = method(self._driver)\n                if value:\n                    return value\n            except self._ignored_exceptions as exc:\n                screen = getattr(exc, 'screen', None)\n                stacktrace = getattr(exc, 'stacktrace', None)\n            time.sleep(self._poll)\n            if time.time() > end_time:\n                break\n>       raise TimeoutException(message, screen, stacktrace)\nE       selenium.common.exceptions.TimeoutException: Message:\n\n/opt/hostedtoolcache/Python/3.7.13/x64/lib/python3.7/site-packages/selenium/webdriver/support/wait.py:80: TimeoutException","flaky":false,"newFailed":false,"newBroken":false,"newPassed":false,"retriesCount":0,"retriesStatusChange":false,"beforeStages":[{"name":"check_known_issues","time":{"start":1657868713352,"stop":1657868713352,"duration":0},"status":"passed","steps":[],"attachments":[],"parameters":[],"stepsCount":0,"attachmentsCount":0,"shouldDisplayMessage":false,"hasContent":false}],"testStage":{"status":"broken","statusMessage":"selenium.common.exceptions.TimeoutException: Message:","statusTrace":"self = <test_login.TestLogin object at 0x7ff79c20e110>\n\n    def test_login_failed(self):\n        # Login\n        login_page = LoginPage(self.driver)\n>       login_page.enter_username('invalid username')\n\ntests/ui/auth/test_login.py:15: \n_ _ _ _ _ _ _ _ _ _ _ _ _ _ _ _ _ _ _ _ _ _ _ _ _ _ _ _ _ _ _ _ _ _ _ _ _ _ _ _ \nfw/pages/login_page.py:14: in enter_username\n    input = self.get_element(self.USERNAME_CSS)\nutils/base_page.py:36: in get_element\n    .until(EC.visibility_of_element_located(locator))\n_ _ _ _ _ _ _ _ _ _ _ _ _ _ _ _ _ _ _ _ _ _ _ _ _ _ _ _ _ _ _ _ _ _ _ _ _ _ _ _ \n\nself = <selenium.webdriver.support.wait.WebDriverWait (session=\"c8082d27be3bb5b4b37e3e1b53e39185\")>\nmethod = <selenium.webdriver.support.expected_conditions.visibility_of_element_located object at 0x7ff79c210dd0>\nmessage = ''\n\n    def until(self, method, message=''):\n        \"\"\"Calls the method provided with the driver as an argument until the \\\n        return value is not False.\"\"\"\n        screen = None\n        stacktrace = None\n    \n        end_time = time.time() + self._timeout\n        while True:\n            try:\n                value = method(self._driver)\n                if value:\n                    return value\n            except self._ignored_exceptions as exc:\n                screen = getattr(exc, 'screen', None)\n                stacktrace = getattr(exc, 'stacktrace', None)\n            time.sleep(self._poll)\n            if time.time() > end_time:\n                break\n>       raise TimeoutException(message, screen, stacktrace)\nE       selenium.common.exceptions.TimeoutException: Message:\n\n/opt/hostedtoolcache/Python/3.7.13/x64/lib/python3.7/site-packages/selenium/webdriver/support/wait.py:80: TimeoutException","steps":[],"attachments":[{"type":"image/png","size":0}],"parameters":[],"stepsCount":0,"attachmentsCount":1,"shouldDisplayMessage":true,"hasContent":true},"afterStages":[],"labels":[{"name":"tag","value":"@pytest.mark.usefixtures('check_known_issues')"},{"name":"tag","value":"smoke"},{"name":"parentSuite","value":"tests.ui.auth"},{"name":"suite","value":"test_login"},{"name":"subSuite","value":"TestLogin"},{"name":"host","value":"fv-az249-272"},{"name":"thread","value":"3005-MainThread"},{"name":"framework","value":"pytest"},{"name":"language","value":"cpython3"},{"name":"package","value":"tests.ui.auth.test_login"},{"name":"resultFormat","value":"allure2"}],"parameters":[{"name":"browser","value":"'chrome'"}],"links":[],"hidden":false,"retry":false,"extra":{"severity":"normal","retries":[],"categories":[{"name":"Test defects","matchedStatuses":[],"flaky":false}],"tags":["@pytest.mark.usefixtures('check_known_issues')","smoke"]},"source":"ed8240689a6c6de6.json","parameterValues":["'chrome'"]}