{"uid":"8eb9f495e77b69fa","name":"test_search_by_text[chrome-Billing amt]","fullName":"tests.ui.transaction_logs.test_search_by.TestTxnUISearchBy#test_search_by_text","historyId":"26ee1c0936b0bd247d2c4f79e39900e5","time":{"start":1660101586026,"stop":1660101593177,"duration":7151},"status":"broken","statusMessage":"selenium.common.exceptions.NoSuchElementException: Message: No data found in table","statusTrace":"self = <test_search_by.TestTxnUISearchBy object at 0x7f1351e9cd90>\ntext_field = 'Billing amt'\nfw_api = <fw.api.client.FraudwallAPI object at 0x7f1351deb1d0>\ntxn_samples = <test_data.transactions.TransactionSamples object at 0x7f1351d4a7d0>\n\n    @pytest.mark.parametrize('text_field', COLUMNS_W_FILTER.keys())\n    def test_search_by_text(self, text_field, fw_api, txn_samples):\n        UNIQUE_TXN_ID = f'test_search_{text_field}_{self.current_timestr}'\n    \n        # send txn\n        transaction = copy.deepcopy(txn_samples.BASE_TEST)\n        transaction.update({\n            'transaction_id_ext': UNIQUE_TXN_ID,\n        })\n        transaction.update(COLUMN_TEST_TXN_EXTRA_DATA)\n    \n        txn_resp = fw_api.send_transaction(transaction)\n    \n        field_name = COLUMNS_W_FILTER.get(text_field)\n        if field_name in COLUMN_TEST_DYNAMIC_FIELDS_DATA.keys():\n            # Some fields do not show up as sent to fraudwall\n            # May be subject to post processing (example: country/proxy type)\n            display_value = COLUMN_TEST_DYNAMIC_FIELDS_DATA.get(field_name)\n        else:\n            display_value = transaction.get(field_name)\n    \n        txn_page = TransactionLogsPage(self.driver)\n        txn_page.click_reset_search()\n        txn_page.enter_txn_id_filter(UNIQUE_TXN_ID)\n        txn_page.enter_search_fields(display_value)\n        txn_page.click_submit_search()\n    \n>       test_txn = txn_page.get_first_transaction()\n\ntests/ui/transaction_logs/test_search_by.py:72: \n_ _ _ _ _ _ _ _ _ _ _ _ _ _ _ _ _ _ _ _ _ _ _ _ _ _ _ _ _ _ _ _ _ _ _ _ _ _ _ _ \nutils/misc/retry.py:18: in wrapper\n    return func(*args, **kwargs)\nfw/pages/transaction_logs/transaction_page.py:102: in get_first_transaction\n    return TxnRow(self.driver, txn_table.get_row_by_index(0))\nutils/elements/table_element.py:24: in get_row_by_index\n    return self.get_rows(rows_css)[index]\n_ _ _ _ _ _ _ _ _ _ _ _ _ _ _ _ _ _ _ _ _ _ _ _ _ _ _ _ _ _ _ _ _ _ _ _ _ _ _ _ \n\nself = <utils.elements.table_element.Table object at 0x7f1351d77310>\nrows_css = 'tbody tr', expect_data = True\n\n    def get_rows(self, rows_css=\"tbody tr\", expect_data=True):\n        headers = self.get_header_row()\n        rows = self.element.find_elements_by_css_selector(rows_css)\n        data_rows = [TableRow(r, headers) for r in rows if not self.is_empty_row(r)]\n        if len(data_rows) == 0 and expect_data:\n>           raise NoSuchElementException(\"No data found in table\")\nE           selenium.common.exceptions.NoSuchElementException: Message: No data found in table\n\nutils/elements/table_element.py:20: NoSuchElementException","flaky":false,"newFailed":false,"newBroken":false,"newPassed":false,"retriesCount":0,"retriesStatusChange":false,"beforeStages":[{"name":"cfg","time":{"start":1660101259583,"stop":1660101259583,"duration":0},"status":"passed","steps":[],"attachments":[],"parameters":[],"stepsCount":0,"attachmentsCount":0,"shouldDisplayMessage":false,"hasContent":false},{"name":"users","time":{"start":1660101261406,"stop":1660101261406,"duration":0},"status":"passed","steps":[],"attachments":[],"parameters":[],"stepsCount":0,"attachmentsCount":0,"shouldDisplayMessage":false,"hasContent":false},{"name":"browser","time":{"start":1660101488410,"stop":1660101489814,"duration":1404},"status":"passed","steps":[],"attachments":[],"parameters":[],"stepsCount":0,"attachmentsCount":0,"shouldDisplayMessage":false,"hasContent":false},{"name":"ui_logout","time":{"start":1660101489815,"stop":1660101489815,"duration":0},"status":"passed","steps":[],"attachments":[],"parameters":[],"stepsCount":0,"attachmentsCount":0,"shouldDisplayMessage":false,"hasContent":false},{"name":"ui_login","time":{"start":1660101585966,"stop":1660101586025,"duration":59},"status":"passed","steps":[],"attachments":[],"parameters":[],"stepsCount":0,"attachmentsCount":0,"shouldDisplayMessage":false,"hasContent":false},{"name":"check_known_issues","time":{"start":1660101585966,"stop":1660101585966,"duration":0},"status":"passed","steps":[],"attachments":[],"parameters":[],"stepsCount":0,"attachmentsCount":0,"shouldDisplayMessage":false,"hasContent":false},{"name":"fw_api","time":{"start":1660101586025,"stop":1660101586025,"duration":0},"status":"passed","steps":[],"attachments":[],"parameters":[],"stepsCount":0,"attachmentsCount":0,"shouldDisplayMessage":false,"hasContent":false},{"name":"txn_samples","time":{"start":1660101586026,"stop":1660101586026,"duration":0},"status":"passed","steps":[],"attachments":[],"parameters":[],"stepsCount":0,"attachmentsCount":0,"shouldDisplayMessage":false,"hasContent":false}],"testStage":{"status":"broken","statusMessage":"selenium.common.exceptions.NoSuchElementException: Message: No data found in table","statusTrace":"self = <test_search_by.TestTxnUISearchBy object at 0x7f1351e9cd90>\ntext_field = 'Billing amt'\nfw_api = <fw.api.client.FraudwallAPI object at 0x7f1351deb1d0>\ntxn_samples = <test_data.transactions.TransactionSamples object at 0x7f1351d4a7d0>\n\n    @pytest.mark.parametrize('text_field', COLUMNS_W_FILTER.keys())\n    def test_search_by_text(self, text_field, fw_api, txn_samples):\n        UNIQUE_TXN_ID = f'test_search_{text_field}_{self.current_timestr}'\n    \n        # send txn\n        transaction = copy.deepcopy(txn_samples.BASE_TEST)\n        transaction.update({\n            'transaction_id_ext': UNIQUE_TXN_ID,\n        })\n        transaction.update(COLUMN_TEST_TXN_EXTRA_DATA)\n    \n        txn_resp = fw_api.send_transaction(transaction)\n    \n        field_name = COLUMNS_W_FILTER.get(text_field)\n        if field_name in COLUMN_TEST_DYNAMIC_FIELDS_DATA.keys():\n            # Some fields do not show up as sent to fraudwall\n            # May be subject to post processing (example: country/proxy type)\n            display_value = COLUMN_TEST_DYNAMIC_FIELDS_DATA.get(field_name)\n        else:\n            display_value = transaction.get(field_name)\n    \n        txn_page = TransactionLogsPage(self.driver)\n        txn_page.click_reset_search()\n        txn_page.enter_txn_id_filter(UNIQUE_TXN_ID)\n        txn_page.enter_search_fields(display_value)\n        txn_page.click_submit_search()\n    \n>       test_txn = txn_page.get_first_transaction()\n\ntests/ui/transaction_logs/test_search_by.py:72: \n_ _ _ _ _ _ _ _ _ _ _ _ _ _ _ _ _ _ _ _ _ _ _ _ _ _ _ _ _ _ _ _ _ _ _ _ _ _ _ _ \nutils/misc/retry.py:18: in wrapper\n    return func(*args, **kwargs)\nfw/pages/transaction_logs/transaction_page.py:102: in get_first_transaction\n    return TxnRow(self.driver, txn_table.get_row_by_index(0))\nutils/elements/table_element.py:24: in get_row_by_index\n    return self.get_rows(rows_css)[index]\n_ _ _ _ _ _ _ _ _ _ _ _ _ _ _ _ _ _ _ _ _ _ _ _ _ _ _ _ _ _ _ _ _ _ _ _ _ _ _ _ \n\nself = <utils.elements.table_element.Table object at 0x7f1351d77310>\nrows_css = 'tbody tr', expect_data = True\n\n    def get_rows(self, rows_css=\"tbody tr\", expect_data=True):\n        headers = self.get_header_row()\n        rows = self.element.find_elements_by_css_selector(rows_css)\n        data_rows = [TableRow(r, headers) for r in rows if not self.is_empty_row(r)]\n        if len(data_rows) == 0 and expect_data:\n>           raise NoSuchElementException(\"No data found in table\")\nE           selenium.common.exceptions.NoSuchElementException: Message: No data found in table\n\nutils/elements/table_element.py:20: NoSuchElementException","steps":[{"name":"Send test transaction","time":{"start":1660101586027,"stop":1660101586678,"duration":651},"status":"passed","steps":[],"attachments":[{"uid":"bc569de6a295d42e","name":"Transaction payload details","source":"bc569de6a295d42e.txt","type":"text/plain","size":1454},{"uid":"37a9bebd270b3556","name":"Transaction response details","source":"37a9bebd270b3556.txt","type":"text/plain","size":114}],"parameters":[{"name":"payload","value":"{'merch_id': 'FW-000', 'merch_name': 'test-automation-base', 'merch_cat_code': '5732', 'merch_group_id': '54321', 'ISO_MTI': '0110', 'pos_entry_mode': '01', 'terminal_id': '99', 'ISO_pcc': '00', 'ISO_proc_code': '10200', 'user_ipv4': '8.8.8.8', 'browser_header': {}, 'browser_header_json': '{\"Accept\": \"text/html,application/xhtml+xml,application/xml;q=0.9,image/webp,*/*;q=0.8\", \"Accept-Encoding\": \"gzip, deflate, sdch\", \"Accept-Language\": \"en-US,en;q=0.8\", \"Cache-Control\": \"max-age=0\", \"Connection\": \"keep-alive\"}', 'user_email': 'tony_stark@test.com', 'cc_firstname': 'tony', 'cc_lastname': 'stark', 'cc_bin': '555555', 'cc_last4': '4444', 'cc_last_digits': '4444', 'cc_hash': '2f725bbd1f405a1ed0336abaf85ddfeb6902a9984a76fd877c3b5cc3b5085a82', 'cc_exp_date': '0226', 'billing_firstname': 'tony', 'billing_lastname': 'stark', 'billing_address': 'Malibu Point', 'billing_state': 'California', 'billing_country_alpha2': 'US', 'billing_postal_code': '10880', 'billing_currency': 'USD', 'billing_amt': '1000', 'transaction_channel': '0', 'transaction_id_ext': 'test_search_Billing amt_20220810_031946', 'transaction_id_merch': '321', 'device_loclat': '1.290270', 'device_loclng': '103.851959', 'device_info': 'test_info'}"}],"stepsCount":0,"attachmentsCount":2,"shouldDisplayMessage":false,"hasContent":true},{"name":"Enter Txn ID filer: 'test_search_Billing amt_20220810_031946'","time":{"start":1660101588367,"stop":1660101589329,"duration":962},"status":"passed","steps":[],"attachments":[],"parameters":[{"name":"value","value":"'test_search_Billing amt_20220810_031946'"}],"stepsCount":0,"attachmentsCount":0,"shouldDisplayMessage":false,"hasContent":true}],"attachments":[{"uid":"cf569f46ea14c904","name":"6dba8c94-0ee1-4d4b-806a-edfe08e1cea8-attachment.png","source":"cf569f46ea14c904.png","type":"image/png","size":66841}],"parameters":[],"stepsCount":2,"attachmentsCount":3,"shouldDisplayMessage":true,"hasContent":true},"afterStages":[{"name":"fw_api::0","time":{"start":1660101593264,"stop":1660101593264,"duration":0},"status":"passed","steps":[],"attachments":[],"parameters":[],"stepsCount":0,"attachmentsCount":0,"shouldDisplayMessage":false,"hasContent":false},{"name":"ui_login::0","time":{"start":1660101593265,"stop":1660101593265,"duration":0},"status":"passed","steps":[],"attachments":[],"parameters":[],"stepsCount":0,"attachmentsCount":0,"shouldDisplayMessage":false,"hasContent":false},{"name":"ui_logout::0","time":{"start":1660101617905,"stop":1660101618106,"duration":201},"status":"passed","steps":[{"name":"Click Logout","time":{"start":1660101617985,"stop":1660101618095,"duration":110},"status":"passed","steps":[],"attachments":[],"parameters":[],"stepsCount":0,"attachmentsCount":0,"shouldDisplayMessage":false,"hasContent":false}],"attachments":[],"parameters":[],"stepsCount":1,"attachmentsCount":0,"shouldDisplayMessage":false,"hasContent":true},{"name":"browser::0","time":{"start":1660101618107,"stop":1660101618166,"duration":59},"status":"passed","steps":[],"attachments":[],"parameters":[],"stepsCount":0,"attachmentsCount":0,"shouldDisplayMessage":false,"hasContent":false}],"labels":[{"name":"tag","value":"regression"},{"name":"tag","value":"@pytest.mark.usefixtures('check_known_issues')"},{"name":"parentSuite","value":"tests.ui.transaction_logs"},{"name":"suite","value":"test_search_by"},{"name":"subSuite","value":"TestTxnUISearchBy"},{"name":"host","value":"ip-10-20-30-10"},{"name":"thread","value":"5738-MainThread"},{"name":"framework","value":"pytest"},{"name":"language","value":"cpython3"},{"name":"package","value":"tests.ui.transaction_logs.test_search_by"},{"name":"resultFormat","value":"allure2"}],"parameters":[{"name":"browser","value":"'chrome'"},{"name":"text_field","value":"'Billing amt'"}],"links":[],"hidden":false,"retry":false,"extra":{"severity":"normal","retries":[],"categories":[{"name":"Test defects","matchedStatuses":[],"flaky":false}],"history":{"statistic":{"failed":0,"broken":7,"skipped":0,"passed":0,"unknown":0,"total":7},"items":[{"uid":"5b4de07f841d5c4a","reportUrl":"https://bowiegan-jp.github.io/test-fw-ci/5//#testresult/5b4de07f841d5c4a","status":"broken","statusDetails":"selenium.common.exceptions.NoSuchElementException: Message: No data found in table","time":{"start":1660097403161,"stop":1660097410297,"duration":7136}},{"uid":"bb13926aabf08a4b","reportUrl":"https://bowiegan-jp.github.io/test-fw-ci/4//#testresult/bb13926aabf08a4b","status":"broken","statusDetails":"selenium.common.exceptions.JavascriptException: Message: javascript error: Y is not defined\n  (Session info: headless chrome=104.0.5112.79)","time":{"start":1660096624531,"stop":1660096628936,"duration":4405}},{"uid":"ac9e5a903a4ab541","reportUrl":"https://bowiegan-jp.github.io/test-fw-ci/3//#testresult/ac9e5a903a4ab541","status":"broken","statusDetails":"selenium.common.exceptions.ElementClickInterceptedException: Message: element click intercepted: Element <button type=\"button\" class=\"btn btn-inline js...TxnLogFilters\" id=\"searchSubmitBtn\">Submit</button> is not clickable at point (365, 15). Other element would receive the click: <li class=\"last-session-container\" role=\"menuitem\">...</li>\n  (Session info: headless chrome=104.0.5112.79)","time":{"start":1660048673518,"stop":1660048679000,"duration":5482}},{"uid":"41f4afffe7a7dc16","reportUrl":"https://bowiegan-jp.github.io/test-fw-ci/5//#testresult/41f4afffe7a7dc16","status":"broken","statusDetails":"selenium.common.exceptions.NoSuchElementException: Message: No data found in table","time":{"start":1660043240775,"stop":1660043246804,"duration":6029}},{"uid":"a13109971e399b3c","reportUrl":"https://bowiegan-jp.github.io/test-fw-ci/4//#testresult/a13109971e399b3c","status":"broken","statusDetails":"selenium.common.exceptions.InvalidArgumentException: Message: invalid argument\n  (Session info: headless chrome=104.0.5112.79)","time":{"start":1660032460370,"stop":1660032460370,"duration":0}},{"uid":"f186ee33b7af4aee","reportUrl":"https://bowiegan-jp.github.io/test-fw-ci/1//#testresult/f186ee33b7af4aee","status":"broken","statusDetails":"selenium.common.exceptions.NoSuchElementException: Message: No data found in table","time":{"start":1658485725465,"stop":1658485731728,"duration":6263}}]},"tags":["@pytest.mark.usefixtures('check_known_issues')","regression"]},"source":"8eb9f495e77b69fa.json","parameterValues":["'chrome'","'Billing amt'"]}