{"uid":"32420655162a22ac","name":"Send for Review - Error (Yes)","fullName":"tests.end2end.transactions.test_send_for_review.test_s4r_error_txn.TestSendForReviewErrored#test_s4r_error_txn_yes","historyId":"e25c245df26d695193099f04ef200c94","time":{"start":1658387102298,"stop":1658387103124,"duration":826},"description":"\n        Transactions that are errored (code 500)\n        Expectation SendForReview should match settings configured in account settings\n        Setting Send for Review set to (Yes)\n        Expectation sendforreview = 1\n        ","descriptionHtml":"<pre><code>    Transactions that are errored (code 500)\n    Expectation SendForReview should match settings configured in account settings\n    Setting Send for Review set to (Yes)\n    Expectation sendforreview = 1\n</code></pre>\n","status":"passed","flaky":false,"newFailed":false,"newBroken":false,"newPassed":true,"retriesCount":0,"retriesStatusChange":false,"beforeStages":[{"name":"cfg","time":{"start":1658386799119,"stop":1658386799120,"duration":1},"status":"passed","steps":[],"attachments":[],"parameters":[],"stepsCount":0,"attachmentsCount":0,"shouldDisplayMessage":false,"hasContent":false},{"name":"users","time":{"start":1658386799120,"stop":1658386799120,"duration":0},"status":"passed","steps":[],"attachments":[],"parameters":[],"stepsCount":0,"attachmentsCount":0,"shouldDisplayMessage":false,"hasContent":false},{"name":"browser","time":{"start":1658387097559,"stop":1658387098959,"duration":1400},"status":"passed","steps":[],"attachments":[],"parameters":[],"stepsCount":0,"attachmentsCount":0,"shouldDisplayMessage":false,"hasContent":false},{"name":"ui_logout","time":{"start":1658387098959,"stop":1658387098959,"duration":0},"status":"passed","steps":[],"attachments":[],"parameters":[],"stepsCount":0,"attachmentsCount":0,"shouldDisplayMessage":false,"hasContent":false},{"name":"check_known_issues","time":{"start":1658387098959,"stop":1658387098959,"duration":0},"status":"passed","steps":[],"attachments":[],"parameters":[],"stepsCount":0,"attachmentsCount":0,"shouldDisplayMessage":false,"hasContent":false},{"name":"ui_login","time":{"start":1658387098960,"stop":1658387102296,"duration":3336},"status":"passed","steps":[],"attachments":[],"parameters":[],"stepsCount":0,"attachmentsCount":0,"shouldDisplayMessage":false,"hasContent":false},{"name":"fw_api","time":{"start":1658387102296,"stop":1658387102297,"duration":1},"status":"passed","steps":[],"attachments":[],"parameters":[],"stepsCount":0,"attachmentsCount":0,"shouldDisplayMessage":false,"hasContent":false}],"testStage":{"description":"\n        Transactions that are errored (code 500)\n        Expectation SendForReview should match settings configured in account settings\n        Setting Send for Review set to (Yes)\n        Expectation sendforreview = 1\n        ","status":"passed","steps":[{"name":"Click Account Settings","time":{"start":1658387102401,"stop":1658387102713,"duration":312},"status":"passed","steps":[],"attachments":[],"parameters":[],"stepsCount":0,"attachmentsCount":0,"shouldDisplayMessage":false,"hasContent":false},{"name":"Select Send for Review 500: 'true'","time":{"start":1658387102716,"stop":1658387103086,"duration":370},"status":"passed","steps":[{"name":"Get confirmation message","time":{"start":1658387102879,"stop":1658387102974,"duration":95},"status":"passed","steps":[],"attachments":[],"parameters":[],"stepsCount":0,"attachmentsCount":0,"shouldDisplayMessage":false,"hasContent":false},{"name":"Click confirm setting change","time":{"start":1658387102974,"stop":1658387103086,"duration":112},"status":"passed","steps":[],"attachments":[],"parameters":[],"stepsCount":0,"attachmentsCount":0,"shouldDisplayMessage":false,"hasContent":false}],"attachments":[],"parameters":[{"name":"value","value":"'true'"}],"stepsCount":2,"attachmentsCount":0,"shouldDisplayMessage":false,"hasContent":true},{"name":"Send test transaction","time":{"start":1658387103087,"stop":1658387103124,"duration":37},"status":"passed","steps":[],"attachments":[{"uid":"c8a7597287725fdb","name":"Transaction payload details","source":"c8a7597287725fdb.txt","type":"text/plain","size":155},{"uid":"654da69c61cb4c6c","name":"Transaction response details","source":"654da69c61cb4c6c.txt","type":"text/plain","size":1445}],"parameters":[{"name":"payload","value":"{'transaction_id_ext': 'tt_s4review_error_yes_20220721_070502'}"}],"stepsCount":0,"attachmentsCount":2,"shouldDisplayMessage":false,"hasContent":true}],"attachments":[],"parameters":[],"stepsCount":5,"attachmentsCount":2,"shouldDisplayMessage":false,"hasContent":true},"afterStages":[{"name":"fw_api::0","time":{"start":1658387103125,"stop":1658387103125,"duration":0},"status":"passed","steps":[],"attachments":[],"parameters":[],"stepsCount":0,"attachmentsCount":0,"shouldDisplayMessage":false,"hasContent":false},{"name":"ui_login::0","time":{"start":1658387103126,"stop":1658387103126,"duration":0},"status":"passed","steps":[],"attachments":[],"parameters":[],"stepsCount":0,"attachmentsCount":0,"shouldDisplayMessage":false,"hasContent":false},{"name":"ui_logout::0","time":{"start":1658387104935,"stop":1658387106636,"duration":1701},"status":"passed","steps":[{"name":"Click Logout","time":{"start":1658387105551,"stop":1658387106635,"duration":1084},"status":"broken","statusMessage":"selenium.common.exceptions.ElementClickInterceptedException: Message: element click intercepted: Element <li role=\"menuitem\" id=\"logoutLink\" tabindex=\"-1\">...</li> is not clickable at point (705, 52). Other element would receive the click: <a href=\"/settings\">...</a>\n  (Session info: headless chrome=103.0.5060.114)\n\n","statusTrace":"  File \"/opt/hostedtoolcache/Python/3.7.13/x64/lib/python3.7/site-packages/allure_commons/_allure.py\", line 172, in impl\n    return func(*a, **kw)\n  File \"/var/snap/amazon-ssm-agent/5656/actions-runner/_work/test-fw-ci/test-fw-ci/fw/pages/top_navbar_page.py\", line 22, in click_logout\n    logout_btn.click()\n  File \"/opt/hostedtoolcache/Python/3.7.13/x64/lib/python3.7/site-packages/selenium/webdriver/remote/webelement.py\", line 80, in click\n    self._execute(Command.CLICK_ELEMENT)\n  File \"/opt/hostedtoolcache/Python/3.7.13/x64/lib/python3.7/site-packages/selenium/webdriver/remote/webelement.py\", line 633, in _execute\n    return self._parent.execute(command, params)\n  File \"/opt/hostedtoolcache/Python/3.7.13/x64/lib/python3.7/site-packages/selenium/webdriver/remote/webdriver.py\", line 321, in execute\n    self.error_handler.check_response(response)\n  File \"/opt/hostedtoolcache/Python/3.7.13/x64/lib/python3.7/site-packages/selenium/webdriver/remote/errorhandler.py\", line 242, in check_response\n    raise exception_class(message, screen, stacktrace)\n","steps":[],"attachments":[],"parameters":[],"stepsCount":0,"attachmentsCount":0,"shouldDisplayMessage":true,"hasContent":true}],"attachments":[],"parameters":[],"stepsCount":1,"attachmentsCount":0,"shouldDisplayMessage":false,"hasContent":true},{"name":"browser::0","time":{"start":1658387106636,"stop":1658387106695,"duration":59},"status":"passed","steps":[],"attachments":[],"parameters":[],"stepsCount":0,"attachmentsCount":0,"shouldDisplayMessage":false,"hasContent":false}],"labels":[{"name":"tag","value":"@pytest.mark.usefixtures('check_known_issues')"},{"name":"tag","value":"regression"},{"name":"parentSuite","value":"tests.end2end.transactions.test_send_for_review"},{"name":"suite","value":"test_s4r_error_txn"},{"name":"subSuite","value":"TestSendForReviewErrored"},{"name":"host","value":"ip-10-20-30-10"},{"name":"thread","value":"19794-MainThread"},{"name":"framework","value":"pytest"},{"name":"language","value":"cpython3"},{"name":"package","value":"tests.end2end.transactions.test_send_for_review.test_s4r_error_txn"},{"name":"resultFormat","value":"allure2"}],"parameters":[{"name":"browser","value":"'chrome'"}],"links":[],"hidden":false,"retry":false,"extra":{"severity":"normal","retries":[],"categories":[],"history":{"statistic":{"failed":0,"broken":1,"skipped":0,"passed":1,"unknown":0,"total":2},"items":[{"uid":"81ac8c3a9b349992","reportUrl":"https://bowiegan-jp.github.io/test-fw-ci/31//#testresult/81ac8c3a9b349992","status":"broken","statusDetails":"requests.exceptions.SSLError: HTTPSConnectionPool(host='10.20.20.221', port=443): Max retries exceeded with url: /api/transaction (Caused by SSLError(SSLCertVerificationError(1, '[SSL: CERTIFICATE_VERIFY_FAILED] certificate verify failed: unable to get local issuer certificate (_ssl.c:1091)')))","time":{"start":1658386427155,"stop":1658386427949,"duration":794}}]},"tags":["@pytest.mark.usefixtures('check_known_issues')","regression"]},"source":"32420655162a22ac.json","parameterValues":["'chrome'"]}