{"uid":"38bd0d5508b64fa9","name":"test_login_successful[chrome]","fullName":"tests.ui.auth.test_login.TestLogin#test_login_successful","historyId":"53a00a84210bad2d528a0987d3ecb6e0","time":{"start":1658385457363,"stop":1658385487873,"duration":30510},"status":"broken","statusMessage":"selenium.common.exceptions.TimeoutException: Message:","statusTrace":"self = <test_login.TestLogin object at 0x7f2ba0aca190>\nusers = <config.Credentials object at 0x7f2ba0b3c710>\n\n    def test_login_successful(self, users):\n        # Login\n        login_page = LoginPage(self.driver)\n>       login_page.enter_username(users.ADMIN.username)\n\ntests/ui/auth/test_login.py:25: \n_ _ _ _ _ _ _ _ _ _ _ _ _ _ _ _ _ _ _ _ _ _ _ _ _ _ _ _ _ _ _ _ _ _ _ _ _ _ _ _ \nfw/pages/login_page.py:14: in enter_username\n    input = self.get_element(self.USERNAME_CSS)\nutils/base_page.py:36: in get_element\n    .until(EC.visibility_of_element_located(locator))\n_ _ _ _ _ _ _ _ _ _ _ _ _ _ _ _ _ _ _ _ _ _ _ _ _ _ _ _ _ _ _ _ _ _ _ _ _ _ _ _ \n\nself = <selenium.webdriver.support.wait.WebDriverWait (session=\"103084839973ca64c837e5e106aebd1f\")>\nmethod = <selenium.webdriver.support.expected_conditions.visibility_of_element_located object at 0x7f2ba0ada1d0>\nmessage = ''\n\n    def until(self, method, message=''):\n        \"\"\"Calls the method provided with the driver as an argument until the \\\n        return value is not False.\"\"\"\n        screen = None\n        stacktrace = None\n    \n        end_time = time.time() + self._timeout\n        while True:\n            try:\n                value = method(self._driver)\n                if value:\n                    return value\n            except self._ignored_exceptions as exc:\n                screen = getattr(exc, 'screen', None)\n                stacktrace = getattr(exc, 'stacktrace', None)\n            time.sleep(self._poll)\n            if time.time() > end_time:\n                break\n>       raise TimeoutException(message, screen, stacktrace)\nE       selenium.common.exceptions.TimeoutException: Message:\n\n/opt/hostedtoolcache/Python/3.7.13/x64/lib/python3.7/site-packages/selenium/webdriver/support/wait.py:80: TimeoutException","flaky":false,"newFailed":false,"newBroken":false,"newPassed":false,"retriesCount":0,"retriesStatusChange":false,"beforeStages":[{"name":"browser","time":{"start":1658385424610,"stop":1658385426698,"duration":2088},"status":"passed","steps":[],"attachments":[],"parameters":[],"stepsCount":0,"attachmentsCount":0,"shouldDisplayMessage":false,"hasContent":false},{"name":"cfg","time":{"start":1658385424610,"stop":1658385424610,"duration":0},"status":"passed","steps":[],"attachments":[],"parameters":[],"stepsCount":0,"attachmentsCount":0,"shouldDisplayMessage":false,"hasContent":false},{"name":"users","time":{"start":1658385457362,"stop":1658385457362,"duration":0},"status":"passed","steps":[],"attachments":[],"parameters":[],"stepsCount":0,"attachmentsCount":0,"shouldDisplayMessage":false,"hasContent":false},{"name":"check_known_issues","time":{"start":1658385457363,"stop":1658385457363,"duration":0},"status":"passed","steps":[],"attachments":[],"parameters":[],"stepsCount":0,"attachmentsCount":0,"shouldDisplayMessage":false,"hasContent":false}],"testStage":{"status":"broken","statusMessage":"selenium.common.exceptions.TimeoutException: Message:","statusTrace":"self = <test_login.TestLogin object at 0x7f2ba0aca190>\nusers = <config.Credentials object at 0x7f2ba0b3c710>\n\n    def test_login_successful(self, users):\n        # Login\n        login_page = LoginPage(self.driver)\n>       login_page.enter_username(users.ADMIN.username)\n\ntests/ui/auth/test_login.py:25: \n_ _ _ _ _ _ _ _ _ _ _ _ _ _ _ _ _ _ _ _ _ _ _ _ _ _ _ _ _ _ _ _ _ _ _ _ _ _ _ _ \nfw/pages/login_page.py:14: in enter_username\n    input = self.get_element(self.USERNAME_CSS)\nutils/base_page.py:36: in get_element\n    .until(EC.visibility_of_element_located(locator))\n_ _ _ _ _ _ _ _ _ _ _ _ _ _ _ _ _ _ _ _ _ _ _ _ _ _ _ _ _ _ _ _ _ _ _ _ _ _ _ _ \n\nself = <selenium.webdriver.support.wait.WebDriverWait (session=\"103084839973ca64c837e5e106aebd1f\")>\nmethod = <selenium.webdriver.support.expected_conditions.visibility_of_element_located object at 0x7f2ba0ada1d0>\nmessage = ''\n\n    def until(self, method, message=''):\n        \"\"\"Calls the method provided with the driver as an argument until the \\\n        return value is not False.\"\"\"\n        screen = None\n        stacktrace = None\n    \n        end_time = time.time() + self._timeout\n        while True:\n            try:\n                value = method(self._driver)\n                if value:\n                    return value\n            except self._ignored_exceptions as exc:\n                screen = getattr(exc, 'screen', None)\n                stacktrace = getattr(exc, 'stacktrace', None)\n            time.sleep(self._poll)\n            if time.time() > end_time:\n                break\n>       raise TimeoutException(message, screen, stacktrace)\nE       selenium.common.exceptions.TimeoutException: Message:\n\n/opt/hostedtoolcache/Python/3.7.13/x64/lib/python3.7/site-packages/selenium/webdriver/support/wait.py:80: TimeoutException","steps":[],"attachments":[{"uid":"a500fa3ba0a4441b","name":"2dd36a9f-2adb-432d-8c9e-08a0fdf270bc-attachment.png","source":"a500fa3ba0a4441b.png","type":"image/png","size":50962}],"parameters":[],"stepsCount":0,"attachmentsCount":1,"shouldDisplayMessage":true,"hasContent":true},"afterStages":[{"name":"browser::0","time":{"start":1658385487972,"stop":1658385488032,"duration":60},"status":"passed","steps":[],"attachments":[],"parameters":[],"stepsCount":0,"attachmentsCount":0,"shouldDisplayMessage":false,"hasContent":false}],"labels":[{"name":"tag","value":"@pytest.mark.usefixtures('check_known_issues')"},{"name":"tag","value":"smoke"},{"name":"parentSuite","value":"tests.ui.auth"},{"name":"suite","value":"test_login"},{"name":"subSuite","value":"TestLogin"},{"name":"host","value":"ip-10-20-30-10"},{"name":"thread","value":"15476-MainThread"},{"name":"framework","value":"pytest"},{"name":"language","value":"cpython3"},{"name":"package","value":"tests.ui.auth.test_login"},{"name":"resultFormat","value":"allure2"}],"parameters":[{"name":"browser","value":"'chrome'"}],"links":[],"hidden":false,"retry":false,"extra":{"severity":"normal","retries":[],"categories":[{"name":"Test defects","matchedStatuses":[],"flaky":false}],"history":{"statistic":{"failed":0,"broken":2,"skipped":0,"passed":0,"unknown":0,"total":2},"items":[{"uid":"187321391ea23461","reportUrl":"https://bowiegan-jp.github.io/test-fw-ci/28//#testresult/187321391ea23461","status":"broken","statusDetails":"selenium.common.exceptions.WebDriverException: Message: unknown error: Chrome failed to start: exited abnormally.\n  (unknown error: DevToolsActivePort file doesn't exist)\n  (The process started from chrome location /snap/chromium/2033/usr/lib/chromium-browser/chrome is no longer running, so ChromeDriver is assuming that Chrome has crashed.)","time":{"start":1658385170795,"stop":1658385170795,"duration":0}}]},"tags":["@pytest.mark.usefixtures('check_known_issues')","smoke"]},"source":"38bd0d5508b64fa9.json","parameterValues":["'chrome'"]}