{"uid":"24fe52a61baafa26","name":"Transaction API Padded Fields","fullName":"tests.end2end.transactions.test_padded_fields.TestPaddedFields#test_txn_api_padded_fields","historyId":"01c3ac88e7aa23e8119268f26d3ca9f7","time":{"start":1660032440225,"stop":1660032440225,"duration":0},"status":"broken","statusMessage":"selenium.common.exceptions.InvalidArgumentException: Message: invalid argument\n  (Session info: headless chrome=104.0.5112.79)","statusTrace":"request = <SubRequest 'browser' for <Function test_txn_api_padded_fields[chrome-eComm(0)]>>\ncfg = <config.Config object at 0x7efc1af23f50>\n\n    @allure.step(\"Initiate browser instance\")\n    @pytest.fixture(params=Config.BROWSERS, scope=\"class\")\n    def browser(request, cfg):\n        SUPPORTED_BROWSERS = [\"chrome\", \"firefox\"]\n        PROXY = cfg.HTTP_PROXY\n        remote = request.config.option.remote\n    \n        browser = request.param.lower()\n        if browser not in SUPPORTED_BROWSERS:\n            pytest.skip(f\"Unsupported browser type: {browser}\")\n        if browser == \"chrome\":\n            options = chrome_opt()\n            options.add_argument(\"--ignore-ssl-errors=yes\")\n            options.add_argument(\"--ignore-certificate-errors\")\n            options.add_argument(\"--disable-dev-shm-usage\")\n            options.add_argument(\"--no-sandbox\")\n            if PROXY:\n                options.add_argument('--proxy-server=http://%s' % f'{PROXY}')\n            options.add_argument(\"--kiosk\")\n            if cfg.HEADLESS_TEST:\n                options.headless = True\n                options.add_argument(\"--kiosk\")\n            if remote:\n                dc = webdriver.DesiredCapabilities.CHROME.copy()\n                dc.update({\n                    \"name\": request.node.name,\n                    \"browserName\": \"chrome\",\n                    \"browserVersion\": \"90.0\",\n                    \"selenoid:options\": {\n                        \"enableVNC\": True,\n                        \"enableVideo\": False\n                    }\n                })\n                web_driver = webdriver.Remote(command_executor=cfg.REMOTE_GRID_URL, desired_capabilities=dc, options=options)\n            else:\n                web_driver = webdriver.Chrome(options=options)\n        elif browser == \"firefox\":\n            options = firefox_opt()\n            options.add_argument(\"--ignore-ssl-errors=yes\")\n            options.add_argument(\"--ignore-certificate-errors\")\n            options.add_argument(\"--kiosk\")\n            desired_capability = webdriver.DesiredCapabilities.FIREFOX\n            desired_capability['acceptSslCerts'] = True\n            if PROXY:\n                desired_capability['proxy'] = {\n                    \"proxyType\": \"manual\",\n                    \"httpProxy\": f'{PROXY}'\n                }\n            if cfg.HEADLESS_TEST:\n                options.headless = True\n                options.add_argument(\"--kiosk\")\n            if remote:\n                dc = webdriver.DesiredCapabilities.FIREFOX.copy()\n                dc.update({\n                    \"name\": request.node.name,\n                    \"browserName\": \"firefox\",\n                    \"browserVersion\": \"88.0\",\n                    \"selenoid:options\": {\n                        \"enableVNC\": True,\n                        \"enableVideo\": False\n                    }\n                })\n                web_driver = webdriver.Remote(command_executor=cfg.REMOTE_GRID_URL, desired_capabilities=dc, options=options)\n            else:\n                web_driver = webdriver.Firefox(options=options)\n    \n>       web_driver.get(cfg.TEST_URL)\n\ntests/conftest.py:120: \n_ _ _ _ _ _ _ _ _ _ _ _ _ _ _ _ _ _ _ _ _ _ _ _ _ _ _ _ _ _ _ _ _ _ _ _ _ _ _ _ \n../../_tool/Python/3.7.13/x64/lib/python3.7/site-packages/selenium/webdriver/remote/webdriver.py:333: in get\n    self.execute(Command.GET, {'url': url})\n../../_tool/Python/3.7.13/x64/lib/python3.7/site-packages/selenium/webdriver/remote/webdriver.py:321: in execute\n    self.error_handler.check_response(response)\n_ _ _ _ _ _ _ _ _ _ _ _ _ _ _ _ _ _ _ _ _ _ _ _ _ _ _ _ _ _ _ _ _ _ _ _ _ _ _ _ \n\nself = <selenium.webdriver.remote.errorhandler.ErrorHandler object at 0x7efc1a6b5690>\nresponse = {'status': 400, 'value': '{\"value\":{\"error\":\"invalid argument\",\"message\":\"invalid argument\\\\n  (Session info: headless...\\\\n#18 0x55d5494899f8 \\\\u003Cunknown>\\\\n#19 0x55d5494a3ba2 \\\\u003Cunknown>\\\\n#20 0x7f1c850a8609 \\\\u003Cunknown>\\\\n\"}}'}\n\n    def check_response(self, response):\n        \"\"\"\n        Checks that a JSON response from the WebDriver does not have an error.\n    \n        :Args:\n         - response - The JSON response from the WebDriver server as a dictionary\n           object.\n    \n        :Raises: If the response contains an error message.\n        \"\"\"\n        status = response.get('status', None)\n        if status is None or status == ErrorCode.SUCCESS:\n            return\n        value = None\n        message = response.get(\"message\", \"\")\n        screen = response.get(\"screen\", \"\")\n        stacktrace = None\n        if isinstance(status, int):\n            value_json = response.get('value', None)\n            if value_json and isinstance(value_json, basestring):\n                import json\n                try:\n                    value = json.loads(value_json)\n                    if len(value.keys()) == 1:\n                        value = value['value']\n                    status = value.get('error', None)\n                    if status is None:\n                        status = value[\"status\"]\n                        message = value[\"value\"]\n                        if not isinstance(message, basestring):\n                            value = message\n                            message = message.get('message')\n                    else:\n                        message = value.get('message', None)\n                except ValueError:\n                    pass\n    \n        exception_class = ErrorInResponseException\n        if status in ErrorCode.NO_SUCH_ELEMENT:\n            exception_class = NoSuchElementException\n        elif status in ErrorCode.NO_SUCH_FRAME:\n            exception_class = NoSuchFrameException\n        elif status in ErrorCode.NO_SUCH_WINDOW:\n            exception_class = NoSuchWindowException\n        elif status in ErrorCode.STALE_ELEMENT_REFERENCE:\n            exception_class = StaleElementReferenceException\n        elif status in ErrorCode.ELEMENT_NOT_VISIBLE:\n            exception_class = ElementNotVisibleException\n        elif status in ErrorCode.INVALID_ELEMENT_STATE:\n            exception_class = InvalidElementStateException\n        elif status in ErrorCode.INVALID_SELECTOR \\\n                or status in ErrorCode.INVALID_XPATH_SELECTOR \\\n                or status in ErrorCode.INVALID_XPATH_SELECTOR_RETURN_TYPER:\n            exception_class = InvalidSelectorException\n        elif status in ErrorCode.ELEMENT_IS_NOT_SELECTABLE:\n            exception_class = ElementNotSelectableException\n        elif status in ErrorCode.ELEMENT_NOT_INTERACTABLE:\n            exception_class = ElementNotInteractableException\n        elif status in ErrorCode.INVALID_COOKIE_DOMAIN:\n            exception_class = InvalidCookieDomainException\n        elif status in ErrorCode.UNABLE_TO_SET_COOKIE:\n            exception_class = UnableToSetCookieException\n        elif status in ErrorCode.TIMEOUT:\n            exception_class = TimeoutException\n        elif status in ErrorCode.SCRIPT_TIMEOUT:\n            exception_class = TimeoutException\n        elif status in ErrorCode.UNKNOWN_ERROR:\n            exception_class = WebDriverException\n        elif status in ErrorCode.UNEXPECTED_ALERT_OPEN:\n            exception_class = UnexpectedAlertPresentException\n        elif status in ErrorCode.NO_ALERT_OPEN:\n            exception_class = NoAlertPresentException\n        elif status in ErrorCode.IME_NOT_AVAILABLE:\n            exception_class = ImeNotAvailableException\n        elif status in ErrorCode.IME_ENGINE_ACTIVATION_FAILED:\n            exception_class = ImeActivationFailedException\n        elif status in ErrorCode.MOVE_TARGET_OUT_OF_BOUNDS:\n            exception_class = MoveTargetOutOfBoundsException\n        elif status in ErrorCode.JAVASCRIPT_ERROR:\n            exception_class = JavascriptException\n        elif status in ErrorCode.SESSION_NOT_CREATED:\n            exception_class = SessionNotCreatedException\n        elif status in ErrorCode.INVALID_ARGUMENT:\n            exception_class = InvalidArgumentException\n        elif status in ErrorCode.NO_SUCH_COOKIE:\n            exception_class = NoSuchCookieException\n        elif status in ErrorCode.UNABLE_TO_CAPTURE_SCREEN:\n            exception_class = ScreenshotException\n        elif status in ErrorCode.ELEMENT_CLICK_INTERCEPTED:\n            exception_class = ElementClickInterceptedException\n        elif status in ErrorCode.INSECURE_CERTIFICATE:\n            exception_class = InsecureCertificateException\n        elif status in ErrorCode.INVALID_COORDINATES:\n            exception_class = InvalidCoordinatesException\n        elif status in ErrorCode.INVALID_SESSION_ID:\n            exception_class = InvalidSessionIdException\n        elif status in ErrorCode.UNKNOWN_METHOD:\n            exception_class = UnknownMethodException\n        else:\n            exception_class = WebDriverException\n        if value == '' or value is None:\n            value = response['value']\n        if isinstance(value, basestring):\n            if exception_class == ErrorInResponseException:\n                raise exception_class(response, value)\n            raise exception_class(value)\n        if message == \"\" and 'message' in value:\n            message = value['message']\n    \n        screen = None\n        if 'screen' in value:\n            screen = value['screen']\n    \n        stacktrace = None\n        if 'stackTrace' in value and value['stackTrace']:\n            stacktrace = []\n            try:\n                for frame in value['stackTrace']:\n                    line = self._value_or_default(frame, 'lineNumber', '')\n                    file = self._value_or_default(frame, 'fileName', '<anonymous>')\n                    if line:\n                        file = \"%s:%s\" % (file, line)\n                    meth = self._value_or_default(frame, 'methodName', '<anonymous>')\n                    if 'className' in frame:\n                        meth = \"%s.%s\" % (frame['className'], meth)\n                    msg = \"    at %s (%s)\"\n                    msg = msg % (meth, file)\n                    stacktrace.append(msg)\n            except TypeError:\n                pass\n        if exception_class == ErrorInResponseException:\n            raise exception_class(response, message)\n        elif exception_class == UnexpectedAlertPresentException:\n            alert_text = None\n            if 'data' in value:\n                alert_text = value['data'].get('text')\n            elif 'alert' in value:\n                alert_text = value['alert'].get('text')\n            raise exception_class(message, screen, stacktrace, alert_text)\n>       raise exception_class(message, screen, stacktrace)\nE       selenium.common.exceptions.InvalidArgumentException: Message: invalid argument\nE         (Session info: headless chrome=104.0.5112.79)\n\n../../_tool/Python/3.7.13/x64/lib/python3.7/site-packages/selenium/webdriver/remote/errorhandler.py:242: InvalidArgumentException","flaky":true,"newFailed":false,"newBroken":true,"newPassed":false,"retriesCount":0,"retriesStatusChange":false,"beforeStages":[{"name":"cfg","time":{"start":1660032391070,"stop":1660032391070,"duration":0},"status":"passed","steps":[],"attachments":[],"parameters":[],"stepsCount":0,"attachmentsCount":0,"shouldDisplayMessage":false,"hasContent":false},{"name":"users","time":{"start":1660032391070,"stop":1660032391071,"duration":1},"status":"passed","steps":[],"attachments":[],"parameters":[],"stepsCount":0,"attachmentsCount":0,"shouldDisplayMessage":false,"hasContent":false},{"name":"browser","time":{"start":1660032438617,"stop":1660032439784,"duration":1167},"status":"broken","statusMessage":"selenium.common.exceptions.InvalidArgumentException: Message: invalid argument\n  (Session info: headless chrome=104.0.5112.79)\n\n","statusTrace":"  File \"/var/snap/amazon-ssm-agent/5656/actions-runner/_work/_tool/Python/3.7.13/x64/lib/python3.7/site-packages/pluggy/callers.py\", line 187, in _multicall\n    res = hook_impl.function(*args)\n  File \"/var/snap/amazon-ssm-agent/5656/actions-runner/_work/_tool/Python/3.7.13/x64/lib/python3.7/site-packages/_pytest/fixtures.py\", line 1126, in pytest_fixture_setup\n    result = call_fixture_func(fixturefunc, request, kwargs)\n  File \"/var/snap/amazon-ssm-agent/5656/actions-runner/_work/_tool/Python/3.7.13/x64/lib/python3.7/site-packages/_pytest/fixtures.py\", line 925, in call_fixture_func\n    fixture_result = next(generator)\n  File \"/var/snap/amazon-ssm-agent/5656/actions-runner/_work/test-fw-ci/test-fw-ci/tests/conftest.py\", line 120, in browser\n    web_driver.get(cfg.TEST_URL)\n  File \"/var/snap/amazon-ssm-agent/5656/actions-runner/_work/_tool/Python/3.7.13/x64/lib/python3.7/site-packages/selenium/webdriver/remote/webdriver.py\", line 333, in get\n    self.execute(Command.GET, {'url': url})\n  File \"/var/snap/amazon-ssm-agent/5656/actions-runner/_work/_tool/Python/3.7.13/x64/lib/python3.7/site-packages/selenium/webdriver/remote/webdriver.py\", line 321, in execute\n    self.error_handler.check_response(response)\n  File \"/var/snap/amazon-ssm-agent/5656/actions-runner/_work/_tool/Python/3.7.13/x64/lib/python3.7/site-packages/selenium/webdriver/remote/errorhandler.py\", line 242, in check_response\n    raise exception_class(message, screen, stacktrace)\n","steps":[],"attachments":[],"parameters":[],"stepsCount":0,"attachmentsCount":0,"shouldDisplayMessage":true,"hasContent":true},{"name":"check_known_issues","time":{"start":1660032440393,"stop":1660032440394,"duration":1},"status":"passed","steps":[],"attachments":[],"parameters":[],"stepsCount":0,"attachmentsCount":0,"shouldDisplayMessage":false,"hasContent":false},{"name":"txn_channel","time":{"start":1660032440394,"stop":1660032440394,"duration":0},"status":"passed","steps":[],"attachments":[],"parameters":[],"stepsCount":0,"attachmentsCount":0,"shouldDisplayMessage":false,"hasContent":false},{"name":"txn_samples","time":{"start":1660032440394,"stop":1660032440394,"duration":0},"status":"passed","steps":[],"attachments":[],"parameters":[],"stepsCount":0,"attachmentsCount":0,"shouldDisplayMessage":false,"hasContent":false},{"name":"fw_api","time":{"start":1660032440394,"stop":1660032440394,"duration":0},"status":"passed","steps":[],"attachments":[],"parameters":[],"stepsCount":0,"attachmentsCount":0,"shouldDisplayMessage":false,"hasContent":false}],"afterStages":[{"name":"fw_api::0","time":{"start":1660032440510,"stop":1660032440510,"duration":0},"status":"passed","steps":[],"attachments":[],"parameters":[],"stepsCount":0,"attachmentsCount":0,"shouldDisplayMessage":false,"hasContent":false}],"labels":[{"name":"tag","value":"regression"},{"name":"tag","value":"@pytest.mark.usefixtures('check_known_issues')"},{"name":"parentSuite","value":"tests.end2end.transactions"},{"name":"suite","value":"test_padded_fields"},{"name":"subSuite","value":"TestPaddedFields"},{"name":"host","value":"ip-10-20-30-10"},{"name":"thread","value":"12277-MainThread"},{"name":"framework","value":"pytest"},{"name":"language","value":"cpython3"},{"name":"package","value":"tests.end2end.transactions.test_padded_fields"},{"name":"resultFormat","value":"allure2"}],"parameters":[{"name":"browser","value":"'chrome'"},{"name":"txn_channel","value":"(7, 'UPOS')"}],"links":[],"hidden":false,"retry":false,"extra":{"severity":"normal","retries":[],"categories":[{"name":"Test defects","matchedStatuses":[],"flaky":false}],"history":{"statistic":{"failed":2,"broken":2,"skipped":0,"passed":2,"unknown":0,"total":6},"items":[{"uid":"fc9b64d34d2ccfbd","reportUrl":"https://bowiegan-jp.github.io/test-fw-ci/35//#testresult/fc9b64d34d2ccfbd","status":"passed","time":{"start":1660024509966,"stop":1660024525156,"duration":15190}},{"uid":"93f28af3e414769a","reportUrl":"https://bowiegan-jp.github.io/test-fw-ci/1//#testresult/93f28af3e414769a","status":"failed","statusDetails":"AssertionError: assert not True\n +  where True = <built-in method get of dict object at 0x7f398f661640>('error')\n +    where <built-in method get of dict object at 0x7f398f661640> = {'code': 500, 'decline_rule': None, 'error': True, 'errors': {'cc_last_digits': ['This field with cc_bin must be at most 10 characters long.']}, ...}.get","time":{"start":1658485146124,"stop":1658485146160,"duration":36}},{"uid":"9b7817a0bf546fbd","reportUrl":"https://bowiegan-jp.github.io/test-fw-ci/34//#testresult/9b7817a0bf546fbd","status":"passed","time":{"start":1658390102932,"stop":1658390128284,"duration":25352}},{"uid":"1569bf5d162721f2","reportUrl":"https://bowiegan-jp.github.io/test-fw-ci/32//#testresult/1569bf5d162721f2","status":"failed","statusDetails":"AssertionError: assert not True\n +  where True = <built-in method get of dict object at 0x7f80dcd13050>('error')\n +    where <built-in method get of dict object at 0x7f80dcd13050> = {'code': 500, 'decline_rule': None, 'error': True, 'errors': {'cc_last_digits': ['This field with cc_bin must be at most 10 characters long.']}, ...}.get","time":{"start":1658386868690,"stop":1658386868822,"duration":132}},{"uid":"1a2fbbd7fdd9acc3","reportUrl":"https://bowiegan-jp.github.io/test-fw-ci/31//#testresult/1a2fbbd7fdd9acc3","status":"broken","statusDetails":"requests.exceptions.SSLError: HTTPSConnectionPool(host='10.20.20.221', port=443): Max retries exceeded with url: /api/transaction (Caused by SSLError(SSLCertVerificationError(1, '[SSL: CERTIFICATE_VERIFY_FAILED] certificate verify failed: unable to get local issuer certificate (_ssl.c:1091)')))","time":{"start":1658386192781,"stop":1658386192799,"duration":18}}]},"tags":["@pytest.mark.usefixtures('check_known_issues')","regression"]},"source":"24fe52a61baafa26.json","parameterValues":["'chrome'","(7, 'UPOS')"]}