{"uid":"ba51bc7b68c7e9d6","name":"test_search_by_credit_card_number[chrome]","fullName":"tests.ui.transaction_logs.test_search_by.TestTxnUISearchBy#test_search_by_credit_card_number","historyId":"1ffb7588810b79c4c7079fc0c2c4619d","time":{"start":1660096570794,"stop":1660096572307,"duration":1513},"status":"broken","statusMessage":"selenium.common.exceptions.JavascriptException: Message: javascript error: Y is not defined\n  (Session info: headless chrome=104.0.5112.79)","statusTrace":"self = <test_search_by.TestTxnUISearchBy object at 0x7f71e5e0a750>\nfw_api = <fw.api.client.FraudwallAPI object at 0x7f71e5c66490>\ntxn_samples = <test_data.transactions.TransactionSamples object at 0x7f71e5c0b590>\n\n    def test_search_by_credit_card_number(self, fw_api, txn_samples):\n        UNIQUE_TXN_ID = f'test_cc_search_{self.current_timestr}'\n        TEST_CC_NUMBER = '4012888888881881'\n        cc_hash = sha256(TEST_CC_NUMBER.encode('utf-8')).hexdigest()\n    \n        # send txn\n        transaction = copy.deepcopy(txn_samples.BASE_TEST)\n        transaction.update({\n            'transaction_id_ext': UNIQUE_TXN_ID,\n            'cc_hash': cc_hash,\n            'cc_bin': TEST_CC_NUMBER[0:6],\n            'cc_last4': TEST_CC_NUMBER[-4:],\n            'cc_last_digits': TEST_CC_NUMBER[-4:]\n        })\n        txn_resp = fw_api.send_transaction(transaction)\n    \n        txn_page = TransactionLogsPage(self.driver)\n        txn_page.click_reset_search()\n        txn_page.enter_credit_card_search_field(TEST_CC_NUMBER)\n>       txn_page.click_submit_search()\n\ntests/ui/transaction_logs/test_search_by.py:35: \n_ _ _ _ _ _ _ _ _ _ _ _ _ _ _ _ _ _ _ _ _ _ _ _ _ _ _ _ _ _ _ _ _ _ _ _ _ _ _ _ \nfw/pages/transaction_logs/transaction_page.py:91: in click_submit_search\n    self.driver.execute_script(\"window.scrollTo(0, Y);\")   # Submit button ocassionaly is blocked by top nav bar overlay\n../../_tool/Python/3.7.13/x64/lib/python3.7/site-packages/selenium/webdriver/remote/webdriver.py:636: in execute_script\n    'args': converted_args})['value']\n../../_tool/Python/3.7.13/x64/lib/python3.7/site-packages/selenium/webdriver/remote/webdriver.py:321: in execute\n    self.error_handler.check_response(response)\n_ _ _ _ _ _ _ _ _ _ _ _ _ _ _ _ _ _ _ _ _ _ _ _ _ _ _ _ _ _ _ _ _ _ _ _ _ _ _ _ \n\nself = <selenium.webdriver.remote.errorhandler.ErrorHandler object at 0x7f71e5bf3750>\nresponse = {'status': 500, 'value': '{\"value\":{\"error\":\"javascript error\",\"message\":\"javascript error: Y is not defined\\\\n  (Sess...\\\\n#17 0x55a9aa5349f8 \\\\u003Cunknown>\\\\n#18 0x55a9aa54eba2 \\\\u003Cunknown>\\\\n#19 0x7f0793739609 \\\\u003Cunknown>\\\\n\"}}'}\n\n    def check_response(self, response):\n        \"\"\"\n        Checks that a JSON response from the WebDriver does not have an error.\n    \n        :Args:\n         - response - The JSON response from the WebDriver server as a dictionary\n           object.\n    \n        :Raises: If the response contains an error message.\n        \"\"\"\n        status = response.get('status', None)\n        if status is None or status == ErrorCode.SUCCESS:\n            return\n        value = None\n        message = response.get(\"message\", \"\")\n        screen = response.get(\"screen\", \"\")\n        stacktrace = None\n        if isinstance(status, int):\n            value_json = response.get('value', None)\n            if value_json and isinstance(value_json, basestring):\n                import json\n                try:\n                    value = json.loads(value_json)\n                    if len(value.keys()) == 1:\n                        value = value['value']\n                    status = value.get('error', None)\n                    if status is None:\n                        status = value[\"status\"]\n                        message = value[\"value\"]\n                        if not isinstance(message, basestring):\n                            value = message\n                            message = message.get('message')\n                    else:\n                        message = value.get('message', None)\n                except ValueError:\n                    pass\n    \n        exception_class = ErrorInResponseException\n        if status in ErrorCode.NO_SUCH_ELEMENT:\n            exception_class = NoSuchElementException\n        elif status in ErrorCode.NO_SUCH_FRAME:\n            exception_class = NoSuchFrameException\n        elif status in ErrorCode.NO_SUCH_WINDOW:\n            exception_class = NoSuchWindowException\n        elif status in ErrorCode.STALE_ELEMENT_REFERENCE:\n            exception_class = StaleElementReferenceException\n        elif status in ErrorCode.ELEMENT_NOT_VISIBLE:\n            exception_class = ElementNotVisibleException\n        elif status in ErrorCode.INVALID_ELEMENT_STATE:\n            exception_class = InvalidElementStateException\n        elif status in ErrorCode.INVALID_SELECTOR \\\n                or status in ErrorCode.INVALID_XPATH_SELECTOR \\\n                or status in ErrorCode.INVALID_XPATH_SELECTOR_RETURN_TYPER:\n            exception_class = InvalidSelectorException\n        elif status in ErrorCode.ELEMENT_IS_NOT_SELECTABLE:\n            exception_class = ElementNotSelectableException\n        elif status in ErrorCode.ELEMENT_NOT_INTERACTABLE:\n            exception_class = ElementNotInteractableException\n        elif status in ErrorCode.INVALID_COOKIE_DOMAIN:\n            exception_class = InvalidCookieDomainException\n        elif status in ErrorCode.UNABLE_TO_SET_COOKIE:\n            exception_class = UnableToSetCookieException\n        elif status in ErrorCode.TIMEOUT:\n            exception_class = TimeoutException\n        elif status in ErrorCode.SCRIPT_TIMEOUT:\n            exception_class = TimeoutException\n        elif status in ErrorCode.UNKNOWN_ERROR:\n            exception_class = WebDriverException\n        elif status in ErrorCode.UNEXPECTED_ALERT_OPEN:\n            exception_class = UnexpectedAlertPresentException\n        elif status in ErrorCode.NO_ALERT_OPEN:\n            exception_class = NoAlertPresentException\n        elif status in ErrorCode.IME_NOT_AVAILABLE:\n            exception_class = ImeNotAvailableException\n        elif status in ErrorCode.IME_ENGINE_ACTIVATION_FAILED:\n            exception_class = ImeActivationFailedException\n        elif status in ErrorCode.MOVE_TARGET_OUT_OF_BOUNDS:\n            exception_class = MoveTargetOutOfBoundsException\n        elif status in ErrorCode.JAVASCRIPT_ERROR:\n            exception_class = JavascriptException\n        elif status in ErrorCode.SESSION_NOT_CREATED:\n            exception_class = SessionNotCreatedException\n        elif status in ErrorCode.INVALID_ARGUMENT:\n            exception_class = InvalidArgumentException\n        elif status in ErrorCode.NO_SUCH_COOKIE:\n            exception_class = NoSuchCookieException\n        elif status in ErrorCode.UNABLE_TO_CAPTURE_SCREEN:\n            exception_class = ScreenshotException\n        elif status in ErrorCode.ELEMENT_CLICK_INTERCEPTED:\n            exception_class = ElementClickInterceptedException\n        elif status in ErrorCode.INSECURE_CERTIFICATE:\n            exception_class = InsecureCertificateException\n        elif status in ErrorCode.INVALID_COORDINATES:\n            exception_class = InvalidCoordinatesException\n        elif status in ErrorCode.INVALID_SESSION_ID:\n            exception_class = InvalidSessionIdException\n        elif status in ErrorCode.UNKNOWN_METHOD:\n            exception_class = UnknownMethodException\n        else:\n            exception_class = WebDriverException\n        if value == '' or value is None:\n            value = response['value']\n        if isinstance(value, basestring):\n            if exception_class == ErrorInResponseException:\n                raise exception_class(response, value)\n            raise exception_class(value)\n        if message == \"\" and 'message' in value:\n            message = value['message']\n    \n        screen = None\n        if 'screen' in value:\n            screen = value['screen']\n    \n        stacktrace = None\n        if 'stackTrace' in value and value['stackTrace']:\n            stacktrace = []\n            try:\n                for frame in value['stackTrace']:\n                    line = self._value_or_default(frame, 'lineNumber', '')\n                    file = self._value_or_default(frame, 'fileName', '<anonymous>')\n                    if line:\n                        file = \"%s:%s\" % (file, line)\n                    meth = self._value_or_default(frame, 'methodName', '<anonymous>')\n                    if 'className' in frame:\n                        meth = \"%s.%s\" % (frame['className'], meth)\n                    msg = \"    at %s (%s)\"\n                    msg = msg % (meth, file)\n                    stacktrace.append(msg)\n            except TypeError:\n                pass\n        if exception_class == ErrorInResponseException:\n            raise exception_class(response, message)\n        elif exception_class == UnexpectedAlertPresentException:\n            alert_text = None\n            if 'data' in value:\n                alert_text = value['data'].get('text')\n            elif 'alert' in value:\n                alert_text = value['alert'].get('text')\n            raise exception_class(message, screen, stacktrace, alert_text)\n>       raise exception_class(message, screen, stacktrace)\nE       selenium.common.exceptions.JavascriptException: Message: javascript error: Y is not defined\nE         (Session info: headless chrome=104.0.5112.79)\n\n../../_tool/Python/3.7.13/x64/lib/python3.7/site-packages/selenium/webdriver/remote/errorhandler.py:242: JavascriptException","flaky":false,"newFailed":false,"newBroken":false,"newPassed":false,"retriesCount":0,"retriesStatusChange":false,"beforeStages":[{"name":"cfg","time":{"start":1660096397010,"stop":1660096397011,"duration":1},"status":"passed","steps":[],"attachments":[],"parameters":[],"stepsCount":0,"attachmentsCount":0,"shouldDisplayMessage":false,"hasContent":false},{"name":"users","time":{"start":1660096400842,"stop":1660096400842,"duration":0},"status":"passed","steps":[],"attachments":[],"parameters":[],"stepsCount":0,"attachmentsCount":0,"shouldDisplayMessage":false,"hasContent":false},{"name":"browser","time":{"start":1660096566364,"stop":1660096567791,"duration":1427},"status":"passed","steps":[],"attachments":[],"parameters":[],"stepsCount":0,"attachmentsCount":0,"shouldDisplayMessage":false,"hasContent":false},{"name":"ui_logout","time":{"start":1660096567792,"stop":1660096567792,"duration":0},"status":"passed","steps":[],"attachments":[],"parameters":[],"stepsCount":0,"attachmentsCount":0,"shouldDisplayMessage":false,"hasContent":false},{"name":"check_known_issues","time":{"start":1660096567792,"stop":1660096567792,"duration":0},"status":"passed","steps":[],"attachments":[],"parameters":[],"stepsCount":0,"attachmentsCount":0,"shouldDisplayMessage":false,"hasContent":false},{"name":"ui_login","time":{"start":1660096567792,"stop":1660096570793,"duration":3001},"status":"passed","steps":[],"attachments":[],"parameters":[],"stepsCount":0,"attachmentsCount":0,"shouldDisplayMessage":false,"hasContent":false},{"name":"fw_api","time":{"start":1660096570793,"stop":1660096570793,"duration":0},"status":"passed","steps":[],"attachments":[],"parameters":[],"stepsCount":0,"attachmentsCount":0,"shouldDisplayMessage":false,"hasContent":false},{"name":"txn_samples","time":{"start":1660096570793,"stop":1660096570793,"duration":0},"status":"passed","steps":[],"attachments":[],"parameters":[],"stepsCount":0,"attachmentsCount":0,"shouldDisplayMessage":false,"hasContent":false}],"testStage":{"status":"broken","statusMessage":"selenium.common.exceptions.JavascriptException: Message: javascript error: Y is not defined\n  (Session info: headless chrome=104.0.5112.79)","statusTrace":"self = <test_search_by.TestTxnUISearchBy object at 0x7f71e5e0a750>\nfw_api = <fw.api.client.FraudwallAPI object at 0x7f71e5c66490>\ntxn_samples = <test_data.transactions.TransactionSamples object at 0x7f71e5c0b590>\n\n    def test_search_by_credit_card_number(self, fw_api, txn_samples):\n        UNIQUE_TXN_ID = f'test_cc_search_{self.current_timestr}'\n        TEST_CC_NUMBER = '4012888888881881'\n        cc_hash = sha256(TEST_CC_NUMBER.encode('utf-8')).hexdigest()\n    \n        # send txn\n        transaction = copy.deepcopy(txn_samples.BASE_TEST)\n        transaction.update({\n            'transaction_id_ext': UNIQUE_TXN_ID,\n            'cc_hash': cc_hash,\n            'cc_bin': TEST_CC_NUMBER[0:6],\n            'cc_last4': TEST_CC_NUMBER[-4:],\n            'cc_last_digits': TEST_CC_NUMBER[-4:]\n        })\n        txn_resp = fw_api.send_transaction(transaction)\n    \n        txn_page = TransactionLogsPage(self.driver)\n        txn_page.click_reset_search()\n        txn_page.enter_credit_card_search_field(TEST_CC_NUMBER)\n>       txn_page.click_submit_search()\n\ntests/ui/transaction_logs/test_search_by.py:35: \n_ _ _ _ _ _ _ _ _ _ _ _ _ _ _ _ _ _ _ _ _ _ _ _ _ _ _ _ _ _ _ _ _ _ _ _ _ _ _ _ \nfw/pages/transaction_logs/transaction_page.py:91: in click_submit_search\n    self.driver.execute_script(\"window.scrollTo(0, Y);\")   # Submit button ocassionaly is blocked by top nav bar overlay\n../../_tool/Python/3.7.13/x64/lib/python3.7/site-packages/selenium/webdriver/remote/webdriver.py:636: in execute_script\n    'args': converted_args})['value']\n../../_tool/Python/3.7.13/x64/lib/python3.7/site-packages/selenium/webdriver/remote/webdriver.py:321: in execute\n    self.error_handler.check_response(response)\n_ _ _ _ _ _ _ _ _ _ _ _ _ _ _ _ _ _ _ _ _ _ _ _ _ _ _ _ _ _ _ _ _ _ _ _ _ _ _ _ \n\nself = <selenium.webdriver.remote.errorhandler.ErrorHandler object at 0x7f71e5bf3750>\nresponse = {'status': 500, 'value': '{\"value\":{\"error\":\"javascript error\",\"message\":\"javascript error: Y is not defined\\\\n  (Sess...\\\\n#17 0x55a9aa5349f8 \\\\u003Cunknown>\\\\n#18 0x55a9aa54eba2 \\\\u003Cunknown>\\\\n#19 0x7f0793739609 \\\\u003Cunknown>\\\\n\"}}'}\n\n    def check_response(self, response):\n        \"\"\"\n        Checks that a JSON response from the WebDriver does not have an error.\n    \n        :Args:\n         - response - The JSON response from the WebDriver server as a dictionary\n           object.\n    \n        :Raises: If the response contains an error message.\n        \"\"\"\n        status = response.get('status', None)\n        if status is None or status == ErrorCode.SUCCESS:\n            return\n        value = None\n        message = response.get(\"message\", \"\")\n        screen = response.get(\"screen\", \"\")\n        stacktrace = None\n        if isinstance(status, int):\n            value_json = response.get('value', None)\n            if value_json and isinstance(value_json, basestring):\n                import json\n                try:\n                    value = json.loads(value_json)\n                    if len(value.keys()) == 1:\n                        value = value['value']\n                    status = value.get('error', None)\n                    if status is None:\n                        status = value[\"status\"]\n                        message = value[\"value\"]\n                        if not isinstance(message, basestring):\n                            value = message\n                            message = message.get('message')\n                    else:\n                        message = value.get('message', None)\n                except ValueError:\n                    pass\n    \n        exception_class = ErrorInResponseException\n        if status in ErrorCode.NO_SUCH_ELEMENT:\n            exception_class = NoSuchElementException\n        elif status in ErrorCode.NO_SUCH_FRAME:\n            exception_class = NoSuchFrameException\n        elif status in ErrorCode.NO_SUCH_WINDOW:\n            exception_class = NoSuchWindowException\n        elif status in ErrorCode.STALE_ELEMENT_REFERENCE:\n            exception_class = StaleElementReferenceException\n        elif status in ErrorCode.ELEMENT_NOT_VISIBLE:\n            exception_class = ElementNotVisibleException\n        elif status in ErrorCode.INVALID_ELEMENT_STATE:\n            exception_class = InvalidElementStateException\n        elif status in ErrorCode.INVALID_SELECTOR \\\n                or status in ErrorCode.INVALID_XPATH_SELECTOR \\\n                or status in ErrorCode.INVALID_XPATH_SELECTOR_RETURN_TYPER:\n            exception_class = InvalidSelectorException\n        elif status in ErrorCode.ELEMENT_IS_NOT_SELECTABLE:\n            exception_class = ElementNotSelectableException\n        elif status in ErrorCode.ELEMENT_NOT_INTERACTABLE:\n            exception_class = ElementNotInteractableException\n        elif status in ErrorCode.INVALID_COOKIE_DOMAIN:\n            exception_class = InvalidCookieDomainException\n        elif status in ErrorCode.UNABLE_TO_SET_COOKIE:\n            exception_class = UnableToSetCookieException\n        elif status in ErrorCode.TIMEOUT:\n            exception_class = TimeoutException\n        elif status in ErrorCode.SCRIPT_TIMEOUT:\n            exception_class = TimeoutException\n        elif status in ErrorCode.UNKNOWN_ERROR:\n            exception_class = WebDriverException\n        elif status in ErrorCode.UNEXPECTED_ALERT_OPEN:\n            exception_class = UnexpectedAlertPresentException\n        elif status in ErrorCode.NO_ALERT_OPEN:\n            exception_class = NoAlertPresentException\n        elif status in ErrorCode.IME_NOT_AVAILABLE:\n            exception_class = ImeNotAvailableException\n        elif status in ErrorCode.IME_ENGINE_ACTIVATION_FAILED:\n            exception_class = ImeActivationFailedException\n        elif status in ErrorCode.MOVE_TARGET_OUT_OF_BOUNDS:\n            exception_class = MoveTargetOutOfBoundsException\n        elif status in ErrorCode.JAVASCRIPT_ERROR:\n            exception_class = JavascriptException\n        elif status in ErrorCode.SESSION_NOT_CREATED:\n            exception_class = SessionNotCreatedException\n        elif status in ErrorCode.INVALID_ARGUMENT:\n            exception_class = InvalidArgumentException\n        elif status in ErrorCode.NO_SUCH_COOKIE:\n            exception_class = NoSuchCookieException\n        elif status in ErrorCode.UNABLE_TO_CAPTURE_SCREEN:\n            exception_class = ScreenshotException\n        elif status in ErrorCode.ELEMENT_CLICK_INTERCEPTED:\n            exception_class = ElementClickInterceptedException\n        elif status in ErrorCode.INSECURE_CERTIFICATE:\n            exception_class = InsecureCertificateException\n        elif status in ErrorCode.INVALID_COORDINATES:\n            exception_class = InvalidCoordinatesException\n        elif status in ErrorCode.INVALID_SESSION_ID:\n            exception_class = InvalidSessionIdException\n        elif status in ErrorCode.UNKNOWN_METHOD:\n            exception_class = UnknownMethodException\n        else:\n            exception_class = WebDriverException\n        if value == '' or value is None:\n            value = response['value']\n        if isinstance(value, basestring):\n            if exception_class == ErrorInResponseException:\n                raise exception_class(response, value)\n            raise exception_class(value)\n        if message == \"\" and 'message' in value:\n            message = value['message']\n    \n        screen = None\n        if 'screen' in value:\n            screen = value['screen']\n    \n        stacktrace = None\n        if 'stackTrace' in value and value['stackTrace']:\n            stacktrace = []\n            try:\n                for frame in value['stackTrace']:\n                    line = self._value_or_default(frame, 'lineNumber', '')\n                    file = self._value_or_default(frame, 'fileName', '<anonymous>')\n                    if line:\n                        file = \"%s:%s\" % (file, line)\n                    meth = self._value_or_default(frame, 'methodName', '<anonymous>')\n                    if 'className' in frame:\n                        meth = \"%s.%s\" % (frame['className'], meth)\n                    msg = \"    at %s (%s)\"\n                    msg = msg % (meth, file)\n                    stacktrace.append(msg)\n            except TypeError:\n                pass\n        if exception_class == ErrorInResponseException:\n            raise exception_class(response, message)\n        elif exception_class == UnexpectedAlertPresentException:\n            alert_text = None\n            if 'data' in value:\n                alert_text = value['data'].get('text')\n            elif 'alert' in value:\n                alert_text = value['alert'].get('text')\n            raise exception_class(message, screen, stacktrace, alert_text)\n>       raise exception_class(message, screen, stacktrace)\nE       selenium.common.exceptions.JavascriptException: Message: javascript error: Y is not defined\nE         (Session info: headless chrome=104.0.5112.79)\n\n../../_tool/Python/3.7.13/x64/lib/python3.7/site-packages/selenium/webdriver/remote/errorhandler.py:242: JavascriptException","steps":[{"name":"Send test transaction","time":{"start":1660096570795,"stop":1660096571399,"duration":604},"status":"passed","steps":[],"attachments":[{"uid":"c3b01aefb79653b3","name":"Transaction payload details","source":"c3b01aefb79653b3.txt","type":"text/plain","size":1356},{"uid":"60ca18ebf92519c","name":"Transaction response details","source":"60ca18ebf92519c.txt","type":"text/plain","size":114}],"parameters":[{"name":"payload","value":"{'merch_id': 'FW-000', 'merch_name': 'test-automation-base', 'merch_cat_code': '5732', 'merch_group_id': '54321', 'ISO_MTI': '0110', 'pos_entry_mode': '01', 'terminal_id': '99', 'ISO_pcc': '00', 'ISO_proc_code': '10200', 'user_ipv4': '127.0.1.1', 'browser_header': {}, 'browser_header_json': '{\"Accept\": \"text/html,application/xhtml+xml,application/xml;q=0.9,image/webp,*/*;q=0.8\", \"Accept-Encoding\": \"gzip, deflate, sdch\", \"Accept-Language\": \"en-US,en;q=0.8\", \"Cache-Control\": \"max-age=0\", \"Connection\": \"keep-alive\"}', 'user_email': 'tony_stark@test.com', 'cc_firstname': 'tony', 'cc_lastname': 'stark', 'cc_bin': '401288', 'cc_last4': '1881', 'cc_last_digits': '1881', 'cc_hash': 'dd13cdf9af9dd3baf46ce96aecd7163cabf381ccb21e63f15f0fa10b1c663fa9', 'cc_exp_date': '0226', 'billing_firstname': 'tony', 'billing_lastname': 'stark', 'billing_address': 'Malibu Point', 'billing_state': 'California', 'billing_country_alpha2': 'US', 'billing_postal_code': '10880', 'billing_currency': 'USD', 'billing_amt': '1000', 'transaction_channel': '0', 'transaction_id_ext': 'test_cc_search_20220810_015610', 'transaction_id_merch': '321'}"}],"stepsCount":0,"attachmentsCount":2,"shouldDisplayMessage":false,"hasContent":true}],"attachments":[{"uid":"48bf0f74f921fed0","name":"3c67659a-9137-4bd8-bdab-6527805633cc-attachment.png","source":"48bf0f74f921fed0.png","type":"image/png","size":97587}],"parameters":[],"stepsCount":1,"attachmentsCount":3,"shouldDisplayMessage":true,"hasContent":true},"afterStages":[{"name":"fw_api::0","time":{"start":1660096572498,"stop":1660096572498,"duration":0},"status":"passed","steps":[],"attachments":[],"parameters":[],"stepsCount":0,"attachmentsCount":0,"shouldDisplayMessage":false,"hasContent":false},{"name":"ui_login::0","time":{"start":1660096572499,"stop":1660096572499,"duration":0},"status":"passed","steps":[],"attachments":[],"parameters":[],"stepsCount":0,"attachmentsCount":0,"shouldDisplayMessage":false,"hasContent":false},{"name":"ui_logout::0","time":{"start":1660096643665,"stop":1660096644914,"duration":1249},"status":"passed","steps":[{"name":"Click Logout","time":{"start":1660096643784,"stop":1660096644911,"duration":1127},"status":"broken","statusMessage":"selenium.common.exceptions.ElementClickInterceptedException: Message: element click intercepted: Element <li role=\"menuitem\" id=\"logoutLink\" tabindex=\"-1\">...</li> is not clickable at point (705, 88). Other element would receive the click: <a href=\"/_admin/admin_panel\">...</a>\n  (Session info: headless chrome=104.0.5112.79)\n\n","statusTrace":"  File \"/var/snap/amazon-ssm-agent/5656/actions-runner/_work/_tool/Python/3.7.13/x64/lib/python3.7/site-packages/allure_commons/_allure.py\", line 172, in impl\n    return func(*a, **kw)\n  File \"/var/snap/amazon-ssm-agent/5656/actions-runner/_work/test-fw-ci/test-fw-ci/fw/pages/top_navbar_page.py\", line 22, in click_logout\n    logout_btn.click()\n  File \"/var/snap/amazon-ssm-agent/5656/actions-runner/_work/_tool/Python/3.7.13/x64/lib/python3.7/site-packages/selenium/webdriver/remote/webelement.py\", line 80, in click\n    self._execute(Command.CLICK_ELEMENT)\n  File \"/var/snap/amazon-ssm-agent/5656/actions-runner/_work/_tool/Python/3.7.13/x64/lib/python3.7/site-packages/selenium/webdriver/remote/webelement.py\", line 633, in _execute\n    return self._parent.execute(command, params)\n  File \"/var/snap/amazon-ssm-agent/5656/actions-runner/_work/_tool/Python/3.7.13/x64/lib/python3.7/site-packages/selenium/webdriver/remote/webdriver.py\", line 321, in execute\n    self.error_handler.check_response(response)\n  File \"/var/snap/amazon-ssm-agent/5656/actions-runner/_work/_tool/Python/3.7.13/x64/lib/python3.7/site-packages/selenium/webdriver/remote/errorhandler.py\", line 242, in check_response\n    raise exception_class(message, screen, stacktrace)\n","steps":[],"attachments":[],"parameters":[],"stepsCount":0,"attachmentsCount":0,"shouldDisplayMessage":true,"hasContent":true}],"attachments":[],"parameters":[],"stepsCount":1,"attachmentsCount":0,"shouldDisplayMessage":false,"hasContent":true},{"name":"browser::0","time":{"start":1660096644915,"stop":1660096645970,"duration":1055},"status":"passed","steps":[],"attachments":[],"parameters":[],"stepsCount":0,"attachmentsCount":0,"shouldDisplayMessage":false,"hasContent":false}],"labels":[{"name":"tag","value":"regression"},{"name":"tag","value":"@pytest.mark.usefixtures('check_known_issues')"},{"name":"parentSuite","value":"tests.ui.transaction_logs"},{"name":"suite","value":"test_search_by"},{"name":"subSuite","value":"TestTxnUISearchBy"},{"name":"host","value":"ip-10-20-30-10"},{"name":"thread","value":"2505-MainThread"},{"name":"framework","value":"pytest"},{"name":"language","value":"cpython3"},{"name":"package","value":"tests.ui.transaction_logs.test_search_by"},{"name":"resultFormat","value":"allure2"}],"parameters":[{"name":"browser","value":"'chrome'"}],"links":[],"hidden":false,"retry":false,"extra":{"severity":"normal","retries":[],"categories":[{"name":"Test defects","matchedStatuses":[],"flaky":false}],"history":{"statistic":{"failed":0,"broken":3,"skipped":0,"passed":2,"unknown":0,"total":5},"items":[{"uid":"5a315bbd7d69995b","reportUrl":"https://bowiegan-jp.github.io/test-fw-ci/3//#testresult/5a315bbd7d69995b","status":"broken","statusDetails":"selenium.common.exceptions.ElementClickInterceptedException: Message: element click intercepted: Element <button type=\"button\" class=\"btn btn-inline js...TxnLogFilters\" id=\"searchSubmitBtn\">Submit</button> is not clickable at point (365, 15). Other element would receive the click: <li class=\"last-session-container\" role=\"menuitem\">...</li>\n  (Session info: headless chrome=104.0.5112.79)","time":{"start":1660048606961,"stop":1660048609558,"duration":2597}},{"uid":"8f098cc3d5071a47","reportUrl":"https://bowiegan-jp.github.io/test-fw-ci/5//#testresult/8f098cc3d5071a47","status":"passed","time":{"start":1660043159939,"stop":1660043164381,"duration":4442}},{"uid":"345a5a297949240e","reportUrl":"https://bowiegan-jp.github.io/test-fw-ci/4//#testresult/345a5a297949240e","status":"broken","statusDetails":"selenium.common.exceptions.InvalidArgumentException: Message: invalid argument\n  (Session info: headless chrome=104.0.5112.79)","time":{"start":1660032458197,"stop":1660032458197,"duration":0}},{"uid":"7dbba651a95bd582","reportUrl":"https://bowiegan-jp.github.io/test-fw-ci/1//#testresult/7dbba651a95bd582","status":"passed","time":{"start":1658485640211,"stop":1658485644741,"duration":4530}}]},"tags":["@pytest.mark.usefixtures('check_known_issues')","regression"]},"source":"ba51bc7b68c7e9d6.json","parameterValues":["'chrome'"]}