{"uid":"34a573fcc76faffb","name":"Smart Rule Static Field: Transaction Time-Before-block","fullName":"tests.end2end.rules_console.test_smart_rule_flow.TestSmartRuleFlow#test_sr_static_cond","historyId":"179e1316e8c299ba2a20ccd667dec3fd","time":{"start":1658407056960,"stop":1658407061765,"duration":4805},"status":"broken","statusMessage":"selenium.common.exceptions.ElementClickInterceptedException: Message: element click intercepted: Element <button class=\"btn\" type=\"submit\" id=\"button...Rule\">Confirm</button> is not clickable at point (235, 543). Other element would receive the click: <div class=\"alerty-overlay active\" tabindex=\"-1\" id=\"overlay-alerty232557\"></div>\n  (Session info: headless chrome=103.0.5060.114)","statusTrace":"self = <test_smart_rule_flow.TestSmartRuleFlow object at 0x7fec95e7f950>\nfw_api = <fw.api.client.FraudwallAPI object at 0x7fec95e7fd90>\nui_login = <fw.pages.transaction_logs.transaction_page.TransactionLogsPage object at 0x7fec94cb34d0>\nsmart_rules_static_conditions = {'decision': 'block', 'expected_response': 'block', 'field': 'Transaction Time', 'operator': 'Before', ...}\ntxn_samples = <test_data.transactions.TransactionSamples object at 0x7fec94d00f90>\ncleanup_smart_rules = ['tr_Transaction Time_Before_block_20220721_123736']\n\n    def test_sr_static_cond(self, fw_api, ui_login, smart_rules_static_conditions, txn_samples, cleanup_smart_rules):\n        # Generate unique test name with timestamp\n        UNIQUE_INDENTIFIER = f\"{smart_rules_static_conditions['field']}_{smart_rules_static_conditions['operator']}_{smart_rules_static_conditions['decision']}\"\n        TEST_RULE_NAME = f\"tr_{UNIQUE_INDENTIFIER}_{self.current_timestr}\"\n        allure.dynamic.title(f\"Smart Rule Static Field: {smart_rules_static_conditions['field']}-{smart_rules_static_conditions['operator']}-{smart_rules_static_conditions['decision']}\")\n    \n        # Post Test Cleanup\n        cleanup_smart_rules.append(TEST_RULE_NAME)\n    \n        # Send Vanilla transaction\n        vanilla_txn = txn_samples.VANILLA\n        vanilla_resp = fw_api.send_transaction(vanilla_txn)\n    \n        # Navigate to Smart Rules\n        side_navbar = SideBarPage(self.driver)\n        side_navbar.expand_rules_console()\n        with url_change(side_navbar, fail_message=\"Failed to navigate to Smart Rules.\"):\n            smartrules_page = side_navbar.click_smart_rules()\n    \n        # Create Smart Rule\n        create_rule_page = smartrules_page.click_add_new_rule()\n        create_rule_page.tick_active_rule_upon_save()\n        create_rule_page.enter_name(TEST_RULE_NAME)\n        create_rule_page.select_static_condition_field(smart_rules_static_conditions['field'])\n        create_rule_page.select_static_condition_opt(smart_rules_static_conditions['operator'])\n        create_rule_page.select_static_condition_value(smart_rules_static_conditions['value_option'])\n        create_rule_page.enter_static_condition_value(smart_rules_static_conditions['value'])\n        create_rule_page.select_decision(smart_rules_static_conditions['decision'])\n        create_rule_page.enter_comments('test automation rule (delete me)')\n>       smartrules_page = create_rule_page.click_confirm()\n\ntests/end2end/rules_console/test_smart_rule_flow.py:45: \n_ _ _ _ _ _ _ _ _ _ _ _ _ _ _ _ _ _ _ _ _ _ _ _ _ _ _ _ _ _ _ _ _ _ _ _ _ _ _ _ \nfw/pages/smart_rules/create_rule_page.py:133: in click_confirm\n    confirm_btn.click()\n/opt/hostedtoolcache/Python/3.7.13/x64/lib/python3.7/site-packages/selenium/webdriver/remote/webelement.py:80: in click\n    self._execute(Command.CLICK_ELEMENT)\n/opt/hostedtoolcache/Python/3.7.13/x64/lib/python3.7/site-packages/selenium/webdriver/remote/webelement.py:633: in _execute\n    return self._parent.execute(command, params)\n/opt/hostedtoolcache/Python/3.7.13/x64/lib/python3.7/site-packages/selenium/webdriver/remote/webdriver.py:321: in execute\n    self.error_handler.check_response(response)\n_ _ _ _ _ _ _ _ _ _ _ _ _ _ _ _ _ _ _ _ _ _ _ _ _ _ _ _ _ _ _ _ _ _ _ _ _ _ _ _ \n\nself = <selenium.webdriver.remote.errorhandler.ErrorHandler object at 0x7fec95675750>\nresponse = {'status': 400, 'value': '{\"value\":{\"error\":\"element click intercepted\",\"message\":\"element click intercepted: Element ...\\\\n#20 0x557d8a57da43 \\\\u003Cunknown>\\\\n#21 0x557d8a597593 \\\\u003Cunknown>\\\\n#22 0x7efede3a1609 \\\\u003Cunknown>\\\\n\"}}'}\n\n    def check_response(self, response):\n        \"\"\"\n        Checks that a JSON response from the WebDriver does not have an error.\n    \n        :Args:\n         - response - The JSON response from the WebDriver server as a dictionary\n           object.\n    \n        :Raises: If the response contains an error message.\n        \"\"\"\n        status = response.get('status', None)\n        if status is None or status == ErrorCode.SUCCESS:\n            return\n        value = None\n        message = response.get(\"message\", \"\")\n        screen = response.get(\"screen\", \"\")\n        stacktrace = None\n        if isinstance(status, int):\n            value_json = response.get('value', None)\n            if value_json and isinstance(value_json, basestring):\n                import json\n                try:\n                    value = json.loads(value_json)\n                    if len(value.keys()) == 1:\n                        value = value['value']\n                    status = value.get('error', None)\n                    if status is None:\n                        status = value[\"status\"]\n                        message = value[\"value\"]\n                        if not isinstance(message, basestring):\n                            value = message\n                            message = message.get('message')\n                    else:\n                        message = value.get('message', None)\n                except ValueError:\n                    pass\n    \n        exception_class = ErrorInResponseException\n        if status in ErrorCode.NO_SUCH_ELEMENT:\n            exception_class = NoSuchElementException\n        elif status in ErrorCode.NO_SUCH_FRAME:\n            exception_class = NoSuchFrameException\n        elif status in ErrorCode.NO_SUCH_WINDOW:\n            exception_class = NoSuchWindowException\n        elif status in ErrorCode.STALE_ELEMENT_REFERENCE:\n            exception_class = StaleElementReferenceException\n        elif status in ErrorCode.ELEMENT_NOT_VISIBLE:\n            exception_class = ElementNotVisibleException\n        elif status in ErrorCode.INVALID_ELEMENT_STATE:\n            exception_class = InvalidElementStateException\n        elif status in ErrorCode.INVALID_SELECTOR \\\n                or status in ErrorCode.INVALID_XPATH_SELECTOR \\\n                or status in ErrorCode.INVALID_XPATH_SELECTOR_RETURN_TYPER:\n            exception_class = InvalidSelectorException\n        elif status in ErrorCode.ELEMENT_IS_NOT_SELECTABLE:\n            exception_class = ElementNotSelectableException\n        elif status in ErrorCode.ELEMENT_NOT_INTERACTABLE:\n            exception_class = ElementNotInteractableException\n        elif status in ErrorCode.INVALID_COOKIE_DOMAIN:\n            exception_class = InvalidCookieDomainException\n        elif status in ErrorCode.UNABLE_TO_SET_COOKIE:\n            exception_class = UnableToSetCookieException\n        elif status in ErrorCode.TIMEOUT:\n            exception_class = TimeoutException\n        elif status in ErrorCode.SCRIPT_TIMEOUT:\n            exception_class = TimeoutException\n        elif status in ErrorCode.UNKNOWN_ERROR:\n            exception_class = WebDriverException\n        elif status in ErrorCode.UNEXPECTED_ALERT_OPEN:\n            exception_class = UnexpectedAlertPresentException\n        elif status in ErrorCode.NO_ALERT_OPEN:\n            exception_class = NoAlertPresentException\n        elif status in ErrorCode.IME_NOT_AVAILABLE:\n            exception_class = ImeNotAvailableException\n        elif status in ErrorCode.IME_ENGINE_ACTIVATION_FAILED:\n            exception_class = ImeActivationFailedException\n        elif status in ErrorCode.MOVE_TARGET_OUT_OF_BOUNDS:\n            exception_class = MoveTargetOutOfBoundsException\n        elif status in ErrorCode.JAVASCRIPT_ERROR:\n            exception_class = JavascriptException\n        elif status in ErrorCode.SESSION_NOT_CREATED:\n            exception_class = SessionNotCreatedException\n        elif status in ErrorCode.INVALID_ARGUMENT:\n            exception_class = InvalidArgumentException\n        elif status in ErrorCode.NO_SUCH_COOKIE:\n            exception_class = NoSuchCookieException\n        elif status in ErrorCode.UNABLE_TO_CAPTURE_SCREEN:\n            exception_class = ScreenshotException\n        elif status in ErrorCode.ELEMENT_CLICK_INTERCEPTED:\n            exception_class = ElementClickInterceptedException\n        elif status in ErrorCode.INSECURE_CERTIFICATE:\n            exception_class = InsecureCertificateException\n        elif status in ErrorCode.INVALID_COORDINATES:\n            exception_class = InvalidCoordinatesException\n        elif status in ErrorCode.INVALID_SESSION_ID:\n            exception_class = InvalidSessionIdException\n        elif status in ErrorCode.UNKNOWN_METHOD:\n            exception_class = UnknownMethodException\n        else:\n            exception_class = WebDriverException\n        if value == '' or value is None:\n            value = response['value']\n        if isinstance(value, basestring):\n            if exception_class == ErrorInResponseException:\n                raise exception_class(response, value)\n            raise exception_class(value)\n        if message == \"\" and 'message' in value:\n            message = value['message']\n    \n        screen = None\n        if 'screen' in value:\n            screen = value['screen']\n    \n        stacktrace = None\n        if 'stackTrace' in value and value['stackTrace']:\n            stacktrace = []\n            try:\n                for frame in value['stackTrace']:\n                    line = self._value_or_default(frame, 'lineNumber', '')\n                    file = self._value_or_default(frame, 'fileName', '<anonymous>')\n                    if line:\n                        file = \"%s:%s\" % (file, line)\n                    meth = self._value_or_default(frame, 'methodName', '<anonymous>')\n                    if 'className' in frame:\n                        meth = \"%s.%s\" % (frame['className'], meth)\n                    msg = \"    at %s (%s)\"\n                    msg = msg % (meth, file)\n                    stacktrace.append(msg)\n            except TypeError:\n                pass\n        if exception_class == ErrorInResponseException:\n            raise exception_class(response, message)\n        elif exception_class == UnexpectedAlertPresentException:\n            alert_text = None\n            if 'data' in value:\n                alert_text = value['data'].get('text')\n            elif 'alert' in value:\n                alert_text = value['alert'].get('text')\n            raise exception_class(message, screen, stacktrace, alert_text)\n>       raise exception_class(message, screen, stacktrace)\nE       selenium.common.exceptions.ElementClickInterceptedException: Message: element click intercepted: Element <button class=\"btn\" type=\"submit\" id=\"button...Rule\">Confirm</button> is not clickable at point (235, 543). Other element would receive the click: <div class=\"alerty-overlay active\" tabindex=\"-1\" id=\"overlay-alerty232557\"></div>\nE         (Session info: headless chrome=103.0.5060.114)\n\n/opt/hostedtoolcache/Python/3.7.13/x64/lib/python3.7/site-packages/selenium/webdriver/remote/errorhandler.py:242: ElementClickInterceptedException","flaky":false,"newFailed":false,"newBroken":false,"newPassed":false,"retriesCount":0,"retriesStatusChange":false,"beforeStages":[{"name":"check_known_issues","time":{"start":1658407056869,"stop":1658407056869,"duration":0},"status":"passed","steps":[],"attachments":[],"parameters":[],"stepsCount":0,"attachmentsCount":0,"shouldDisplayMessage":false,"hasContent":false},{"name":"fw_api","time":{"start":1658407056869,"stop":1658407056869,"duration":0},"status":"passed","steps":[],"attachments":[],"parameters":[],"stepsCount":0,"attachmentsCount":0,"shouldDisplayMessage":false,"hasContent":false},{"name":"ui_login","time":{"start":1658407056869,"stop":1658407056958,"duration":89},"status":"passed","steps":[],"attachments":[],"parameters":[],"stepsCount":0,"attachmentsCount":0,"shouldDisplayMessage":false,"hasContent":false},{"name":"run_only_str_contains","time":{"start":1658407056958,"stop":1658407056959,"duration":1},"status":"passed","steps":[],"attachments":[],"parameters":[],"stepsCount":0,"attachmentsCount":0,"shouldDisplayMessage":false,"hasContent":false},{"name":"txn_samples","time":{"start":1658407056959,"stop":1658407056959,"duration":0},"status":"passed","steps":[],"attachments":[],"parameters":[],"stepsCount":0,"attachmentsCount":0,"shouldDisplayMessage":false,"hasContent":false},{"name":"cleanup_smart_rules","time":{"start":1658407056959,"stop":1658407056959,"duration":0},"status":"passed","steps":[],"attachments":[],"parameters":[],"stepsCount":0,"attachmentsCount":0,"shouldDisplayMessage":false,"hasContent":false},{"name":"smart_rules_static_conditions","time":{"start":1658407056959,"stop":1658407056959,"duration":0},"status":"passed","steps":[],"attachments":[],"parameters":[],"stepsCount":0,"attachmentsCount":0,"shouldDisplayMessage":false,"hasContent":false}],"testStage":{"status":"broken","statusMessage":"selenium.common.exceptions.ElementClickInterceptedException: Message: element click intercepted: Element <button class=\"btn\" type=\"submit\" id=\"button...Rule\">Confirm</button> is not clickable at point (235, 543). Other element would receive the click: <div class=\"alerty-overlay active\" tabindex=\"-1\" id=\"overlay-alerty232557\"></div>\n  (Session info: headless chrome=103.0.5060.114)","statusTrace":"self = <test_smart_rule_flow.TestSmartRuleFlow object at 0x7fec95e7f950>\nfw_api = <fw.api.client.FraudwallAPI object at 0x7fec95e7fd90>\nui_login = <fw.pages.transaction_logs.transaction_page.TransactionLogsPage object at 0x7fec94cb34d0>\nsmart_rules_static_conditions = {'decision': 'block', 'expected_response': 'block', 'field': 'Transaction Time', 'operator': 'Before', ...}\ntxn_samples = <test_data.transactions.TransactionSamples object at 0x7fec94d00f90>\ncleanup_smart_rules = ['tr_Transaction Time_Before_block_20220721_123736']\n\n    def test_sr_static_cond(self, fw_api, ui_login, smart_rules_static_conditions, txn_samples, cleanup_smart_rules):\n        # Generate unique test name with timestamp\n        UNIQUE_INDENTIFIER = f\"{smart_rules_static_conditions['field']}_{smart_rules_static_conditions['operator']}_{smart_rules_static_conditions['decision']}\"\n        TEST_RULE_NAME = f\"tr_{UNIQUE_INDENTIFIER}_{self.current_timestr}\"\n        allure.dynamic.title(f\"Smart Rule Static Field: {smart_rules_static_conditions['field']}-{smart_rules_static_conditions['operator']}-{smart_rules_static_conditions['decision']}\")\n    \n        # Post Test Cleanup\n        cleanup_smart_rules.append(TEST_RULE_NAME)\n    \n        # Send Vanilla transaction\n        vanilla_txn = txn_samples.VANILLA\n        vanilla_resp = fw_api.send_transaction(vanilla_txn)\n    \n        # Navigate to Smart Rules\n        side_navbar = SideBarPage(self.driver)\n        side_navbar.expand_rules_console()\n        with url_change(side_navbar, fail_message=\"Failed to navigate to Smart Rules.\"):\n            smartrules_page = side_navbar.click_smart_rules()\n    \n        # Create Smart Rule\n        create_rule_page = smartrules_page.click_add_new_rule()\n        create_rule_page.tick_active_rule_upon_save()\n        create_rule_page.enter_name(TEST_RULE_NAME)\n        create_rule_page.select_static_condition_field(smart_rules_static_conditions['field'])\n        create_rule_page.select_static_condition_opt(smart_rules_static_conditions['operator'])\n        create_rule_page.select_static_condition_value(smart_rules_static_conditions['value_option'])\n        create_rule_page.enter_static_condition_value(smart_rules_static_conditions['value'])\n        create_rule_page.select_decision(smart_rules_static_conditions['decision'])\n        create_rule_page.enter_comments('test automation rule (delete me)')\n>       smartrules_page = create_rule_page.click_confirm()\n\ntests/end2end/rules_console/test_smart_rule_flow.py:45: \n_ _ _ _ _ _ _ _ _ _ _ _ _ _ _ _ _ _ _ _ _ _ _ _ _ _ _ _ _ _ _ _ _ _ _ _ _ _ _ _ \nfw/pages/smart_rules/create_rule_page.py:133: in click_confirm\n    confirm_btn.click()\n/opt/hostedtoolcache/Python/3.7.13/x64/lib/python3.7/site-packages/selenium/webdriver/remote/webelement.py:80: in click\n    self._execute(Command.CLICK_ELEMENT)\n/opt/hostedtoolcache/Python/3.7.13/x64/lib/python3.7/site-packages/selenium/webdriver/remote/webelement.py:633: in _execute\n    return self._parent.execute(command, params)\n/opt/hostedtoolcache/Python/3.7.13/x64/lib/python3.7/site-packages/selenium/webdriver/remote/webdriver.py:321: in execute\n    self.error_handler.check_response(response)\n_ _ _ _ _ _ _ _ _ _ _ _ _ _ _ _ _ _ _ _ _ _ _ _ _ _ _ _ _ _ _ _ _ _ _ _ _ _ _ _ \n\nself = <selenium.webdriver.remote.errorhandler.ErrorHandler object at 0x7fec95675750>\nresponse = {'status': 400, 'value': '{\"value\":{\"error\":\"element click intercepted\",\"message\":\"element click intercepted: Element ...\\\\n#20 0x557d8a57da43 \\\\u003Cunknown>\\\\n#21 0x557d8a597593 \\\\u003Cunknown>\\\\n#22 0x7efede3a1609 \\\\u003Cunknown>\\\\n\"}}'}\n\n    def check_response(self, response):\n        \"\"\"\n        Checks that a JSON response from the WebDriver does not have an error.\n    \n        :Args:\n         - response - The JSON response from the WebDriver server as a dictionary\n           object.\n    \n        :Raises: If the response contains an error message.\n        \"\"\"\n        status = response.get('status', None)\n        if status is None or status == ErrorCode.SUCCESS:\n            return\n        value = None\n        message = response.get(\"message\", \"\")\n        screen = response.get(\"screen\", \"\")\n        stacktrace = None\n        if isinstance(status, int):\n            value_json = response.get('value', None)\n            if value_json and isinstance(value_json, basestring):\n                import json\n                try:\n                    value = json.loads(value_json)\n                    if len(value.keys()) == 1:\n                        value = value['value']\n                    status = value.get('error', None)\n                    if status is None:\n                        status = value[\"status\"]\n                        message = value[\"value\"]\n                        if not isinstance(message, basestring):\n                            value = message\n                            message = message.get('message')\n                    else:\n                        message = value.get('message', None)\n                except ValueError:\n                    pass\n    \n        exception_class = ErrorInResponseException\n        if status in ErrorCode.NO_SUCH_ELEMENT:\n            exception_class = NoSuchElementException\n        elif status in ErrorCode.NO_SUCH_FRAME:\n            exception_class = NoSuchFrameException\n        elif status in ErrorCode.NO_SUCH_WINDOW:\n            exception_class = NoSuchWindowException\n        elif status in ErrorCode.STALE_ELEMENT_REFERENCE:\n            exception_class = StaleElementReferenceException\n        elif status in ErrorCode.ELEMENT_NOT_VISIBLE:\n            exception_class = ElementNotVisibleException\n        elif status in ErrorCode.INVALID_ELEMENT_STATE:\n            exception_class = InvalidElementStateException\n        elif status in ErrorCode.INVALID_SELECTOR \\\n                or status in ErrorCode.INVALID_XPATH_SELECTOR \\\n                or status in ErrorCode.INVALID_XPATH_SELECTOR_RETURN_TYPER:\n            exception_class = InvalidSelectorException\n        elif status in ErrorCode.ELEMENT_IS_NOT_SELECTABLE:\n            exception_class = ElementNotSelectableException\n        elif status in ErrorCode.ELEMENT_NOT_INTERACTABLE:\n            exception_class = ElementNotInteractableException\n        elif status in ErrorCode.INVALID_COOKIE_DOMAIN:\n            exception_class = InvalidCookieDomainException\n        elif status in ErrorCode.UNABLE_TO_SET_COOKIE:\n            exception_class = UnableToSetCookieException\n        elif status in ErrorCode.TIMEOUT:\n            exception_class = TimeoutException\n        elif status in ErrorCode.SCRIPT_TIMEOUT:\n            exception_class = TimeoutException\n        elif status in ErrorCode.UNKNOWN_ERROR:\n            exception_class = WebDriverException\n        elif status in ErrorCode.UNEXPECTED_ALERT_OPEN:\n            exception_class = UnexpectedAlertPresentException\n        elif status in ErrorCode.NO_ALERT_OPEN:\n            exception_class = NoAlertPresentException\n        elif status in ErrorCode.IME_NOT_AVAILABLE:\n            exception_class = ImeNotAvailableException\n        elif status in ErrorCode.IME_ENGINE_ACTIVATION_FAILED:\n            exception_class = ImeActivationFailedException\n        elif status in ErrorCode.MOVE_TARGET_OUT_OF_BOUNDS:\n            exception_class = MoveTargetOutOfBoundsException\n        elif status in ErrorCode.JAVASCRIPT_ERROR:\n            exception_class = JavascriptException\n        elif status in ErrorCode.SESSION_NOT_CREATED:\n            exception_class = SessionNotCreatedException\n        elif status in ErrorCode.INVALID_ARGUMENT:\n            exception_class = InvalidArgumentException\n        elif status in ErrorCode.NO_SUCH_COOKIE:\n            exception_class = NoSuchCookieException\n        elif status in ErrorCode.UNABLE_TO_CAPTURE_SCREEN:\n            exception_class = ScreenshotException\n        elif status in ErrorCode.ELEMENT_CLICK_INTERCEPTED:\n            exception_class = ElementClickInterceptedException\n        elif status in ErrorCode.INSECURE_CERTIFICATE:\n            exception_class = InsecureCertificateException\n        elif status in ErrorCode.INVALID_COORDINATES:\n            exception_class = InvalidCoordinatesException\n        elif status in ErrorCode.INVALID_SESSION_ID:\n            exception_class = InvalidSessionIdException\n        elif status in ErrorCode.UNKNOWN_METHOD:\n            exception_class = UnknownMethodException\n        else:\n            exception_class = WebDriverException\n        if value == '' or value is None:\n            value = response['value']\n        if isinstance(value, basestring):\n            if exception_class == ErrorInResponseException:\n                raise exception_class(response, value)\n            raise exception_class(value)\n        if message == \"\" and 'message' in value:\n            message = value['message']\n    \n        screen = None\n        if 'screen' in value:\n            screen = value['screen']\n    \n        stacktrace = None\n        if 'stackTrace' in value and value['stackTrace']:\n            stacktrace = []\n            try:\n                for frame in value['stackTrace']:\n                    line = self._value_or_default(frame, 'lineNumber', '')\n                    file = self._value_or_default(frame, 'fileName', '<anonymous>')\n                    if line:\n                        file = \"%s:%s\" % (file, line)\n                    meth = self._value_or_default(frame, 'methodName', '<anonymous>')\n                    if 'className' in frame:\n                        meth = \"%s.%s\" % (frame['className'], meth)\n                    msg = \"    at %s (%s)\"\n                    msg = msg % (meth, file)\n                    stacktrace.append(msg)\n            except TypeError:\n                pass\n        if exception_class == ErrorInResponseException:\n            raise exception_class(response, message)\n        elif exception_class == UnexpectedAlertPresentException:\n            alert_text = None\n            if 'data' in value:\n                alert_text = value['data'].get('text')\n            elif 'alert' in value:\n                alert_text = value['alert'].get('text')\n            raise exception_class(message, screen, stacktrace, alert_text)\n>       raise exception_class(message, screen, stacktrace)\nE       selenium.common.exceptions.ElementClickInterceptedException: Message: element click intercepted: Element <button class=\"btn\" type=\"submit\" id=\"button...Rule\">Confirm</button> is not clickable at point (235, 543). Other element would receive the click: <div class=\"alerty-overlay active\" tabindex=\"-1\" id=\"overlay-alerty232557\"></div>\nE         (Session info: headless chrome=103.0.5060.114)\n\n/opt/hostedtoolcache/Python/3.7.13/x64/lib/python3.7/site-packages/selenium/webdriver/remote/errorhandler.py:242: ElementClickInterceptedException","steps":[{"name":"Send test transaction","time":{"start":1658407056961,"stop":1658407057563,"duration":602},"status":"passed","steps":[],"attachments":[{"uid":"1f2d3c1887f1e7bb","name":"Transaction payload details","source":"1f2d3c1887f1e7bb.txt","type":"text/plain","size":1341},{"uid":"4181acd03ddf8e9e","name":"Transaction response details","source":"4181acd03ddf8e9e.txt","type":"text/plain","size":114}],"parameters":[{"name":"payload","value":"{'merch_id': 'FW-999', 'merch_name': 'test-automation-vanilla', 'merch_cat_code': '5816', 'merch_group_id': '12345', 'ISO_MTI': '9999', 'pos_entry_mode': '009', 'terminal_id': '99', 'ISO_pcc': '00', 'ISO_proc_code': '10200', 'user_ipv4': '127.0.0.3', 'browser_header': {}, 'browser_header_json': '{\"Accept\": \"text/html,application/xhtml+xml,application/xml;q=0.9,image/webp,*/*;q=0.8\", \"Accept-Encoding\": \"gzip, deflate, sdch\", \"Accept-Language\": \"en-US,en;q=0.8\", \"Cache-Control\": \"max-age=0\", \"Connection\": \"keep-alive\"}', 'user_email': 'steve_rodgers@test.com', 'cc_firstname': 'steve', 'cc_lastname': 'rodgers', 'cc_bin': '424242', 'cc_last4': '4242', 'cc_last_digits': '4242', 'cc_hash': '477bba133c182267fe5f086924abdc5db71f77bfc27f01f2843f2cdc69d89f05', 'cc_exp_date': '1225', 'billing_firstname': 'steve', 'billing_lastname': 'rodgers', 'billing_address': 'brooklyn', 'billing_state': 'New York', 'billing_country_alpha2': 'CN', 'billing_postal_code': '616', 'billing_currency': 'KRW', 'billing_amt': '1000', 'transaction_channel': '0', 'transaction_id_ext': 'tt_vanilla', 'transaction_id_merch': '123', 'fw_cust_id': '60b7259c48675f1f9cf7c24c', 'fw_cust_code': 'XUNZZ53', 'api_version': '3'}"}],"stepsCount":0,"attachmentsCount":2,"shouldDisplayMessage":false,"hasContent":true},{"name":"Expand Rules Console Navbar","time":{"start":1658407057565,"stop":1658407057691,"duration":126},"status":"passed","steps":[],"attachments":[],"parameters":[],"stepsCount":0,"attachmentsCount":0,"shouldDisplayMessage":false,"hasContent":false},{"name":"Navigate to Rules Console - Smart Rules","time":{"start":1658407057725,"stop":1658407057857,"duration":132},"status":"passed","steps":[],"attachments":[],"parameters":[],"stepsCount":0,"attachmentsCount":0,"shouldDisplayMessage":false,"hasContent":false},{"name":"Click Add New Rule","time":{"start":1658407057864,"stop":1658407058251,"duration":387},"status":"passed","steps":[{"name":"Wait for filter bar to load","time":{"start":1658407057864,"stop":1658407058158,"duration":294},"status":"passed","steps":[],"attachments":[],"parameters":[],"stepsCount":0,"attachmentsCount":0,"shouldDisplayMessage":false,"hasContent":false}],"attachments":[],"parameters":[],"stepsCount":1,"attachmentsCount":0,"shouldDisplayMessage":false,"hasContent":true},{"name":"Tick Activate Rule upon save","time":{"start":1658407058252,"stop":1658407058323,"duration":71},"status":"passed","steps":[],"attachments":[],"parameters":[],"stepsCount":0,"attachmentsCount":0,"shouldDisplayMessage":false,"hasContent":false},{"name":"Fill in Rule Name","time":{"start":1658407058323,"stop":1658407058517,"duration":194},"status":"passed","steps":[],"attachments":[],"parameters":[{"name":"name","value":"'tr_Transaction Time_Before_block_20220721_123736'"}],"stepsCount":0,"attachmentsCount":0,"shouldDisplayMessage":false,"hasContent":true},{"name":"Select static condition from dropdown: 'Transaction Time'","time":{"start":1658407058517,"stop":1658407058615,"duration":98},"status":"passed","steps":[],"attachments":[],"parameters":[{"name":"field","value":"'Transaction Time'"}],"stepsCount":0,"attachmentsCount":0,"shouldDisplayMessage":false,"hasContent":true},{"name":"Select condition option from dropdown: 'Before'","time":{"start":1658407058615,"stop":1658407058714,"duration":99},"status":"passed","steps":[],"attachments":[],"parameters":[{"name":"opt","value":"'Before'"}],"stepsCount":0,"attachmentsCount":0,"shouldDisplayMessage":false,"hasContent":true},{"name":"Select value type from dropdown: 'Custom Time:'","time":{"start":1658407058715,"stop":1658407058796,"duration":81},"status":"passed","steps":[],"attachments":[],"parameters":[{"name":"value","value":"'Custom Time:'"}],"stepsCount":0,"attachmentsCount":0,"shouldDisplayMessage":false,"hasContent":true},{"name":"Fill in value input: '10:00:00'","time":{"start":1658407058797,"stop":1658407059470,"duration":673},"status":"passed","steps":[],"attachments":[],"parameters":[{"name":"value","value":"'10:00:00'"}],"stepsCount":0,"attachmentsCount":0,"shouldDisplayMessage":false,"hasContent":true},{"name":"Select Decision Option: 'block'","time":{"start":1658407059471,"stop":1658407059488,"duration":17},"status":"passed","steps":[],"attachments":[],"parameters":[{"name":"value","value":"'block'"}],"stepsCount":0,"attachmentsCount":0,"shouldDisplayMessage":false,"hasContent":true},{"name":"Fill in comments","time":{"start":1658407059488,"stop":1658407059638,"duration":150},"status":"passed","steps":[],"attachments":[],"parameters":[{"name":"comments","value":"'test automation rule (delete me)'"}],"stepsCount":0,"attachmentsCount":0,"shouldDisplayMessage":false,"hasContent":true},{"name":"Click confirm new rule","time":{"start":1658407059639,"stop":1658407061764,"duration":2125},"status":"broken","statusMessage":"selenium.common.exceptions.ElementClickInterceptedException: Message: element click intercepted: Element <button class=\"btn\" type=\"submit\" id=\"button...Rule\">Confirm</button> is not clickable at point (235, 543). Other element would receive the click: <div class=\"alerty-overlay active\" tabindex=\"-1\" id=\"overlay-alerty232557\"></div>\n  (Session info: headless chrome=103.0.5060.114)\n\n","statusTrace":"  File \"/opt/hostedtoolcache/Python/3.7.13/x64/lib/python3.7/site-packages/allure_commons/_allure.py\", line 172, in impl\n    return func(*a, **kw)\n  File \"/var/snap/amazon-ssm-agent/5656/actions-runner/_work/test-fw-ci/test-fw-ci/fw/pages/smart_rules/create_rule_page.py\", line 133, in click_confirm\n    confirm_btn.click()\n  File \"/opt/hostedtoolcache/Python/3.7.13/x64/lib/python3.7/site-packages/selenium/webdriver/remote/webelement.py\", line 80, in click\n    self._execute(Command.CLICK_ELEMENT)\n  File \"/opt/hostedtoolcache/Python/3.7.13/x64/lib/python3.7/site-packages/selenium/webdriver/remote/webelement.py\", line 633, in _execute\n    return self._parent.execute(command, params)\n  File \"/opt/hostedtoolcache/Python/3.7.13/x64/lib/python3.7/site-packages/selenium/webdriver/remote/webdriver.py\", line 321, in execute\n    self.error_handler.check_response(response)\n  File \"/opt/hostedtoolcache/Python/3.7.13/x64/lib/python3.7/site-packages/selenium/webdriver/remote/errorhandler.py\", line 242, in check_response\n    raise exception_class(message, screen, stacktrace)\n","steps":[],"attachments":[],"parameters":[],"stepsCount":0,"attachmentsCount":0,"shouldDisplayMessage":true,"hasContent":true}],"attachments":[{"uid":"e44483fb752b7a05","name":"b21e9692-7790-4915-ba88-da4f04da0a2d-attachment.png","source":"e44483fb752b7a05.png","type":"image/png","size":61447},{"uid":"9475d8351dea21de","name":"log","source":"9475d8351dea21de.txt","type":"text/plain","size":385}],"parameters":[],"stepsCount":14,"attachmentsCount":4,"shouldDisplayMessage":true,"hasContent":true},"afterStages":[{"name":"cleanup_smart_rules::0","time":{"start":1658407061940,"stop":1658407063100,"duration":1160},"status":"passed","steps":[{"name":"Expand Rules Console Navbar","time":{"start":1658407061941,"stop":1658407061984,"duration":43},"status":"passed","steps":[],"attachments":[],"parameters":[],"stepsCount":0,"attachmentsCount":0,"shouldDisplayMessage":false,"hasContent":false},{"name":"Navigate to Rules Console - Smart Rules","time":{"start":1658407061984,"stop":1658407063100,"duration":1116},"status":"broken","statusMessage":"selenium.common.exceptions.ElementClickInterceptedException: Message: element click intercepted: Element <a href=\"/rules\" title=\"Smart Rules\" class=\"active\">...</a> is not clickable at point (100, 164). Other element would receive the click: <div class=\"alerty-overlay active\" tabindex=\"-1\" id=\"overlay-alerty232557\"></div>\n  (Session info: headless chrome=103.0.5060.114)\n\n","statusTrace":"  File \"/opt/hostedtoolcache/Python/3.7.13/x64/lib/python3.7/site-packages/allure_commons/_allure.py\", line 172, in impl\n    return func(*a, **kw)\n  File \"/var/snap/amazon-ssm-agent/5656/actions-runner/_work/test-fw-ci/test-fw-ci/fw/pages/side_bar_page.py\", line 30, in click_smart_rules\n    self.get_element(self.SMART_RULES).click()\n  File \"/opt/hostedtoolcache/Python/3.7.13/x64/lib/python3.7/site-packages/selenium/webdriver/remote/webelement.py\", line 80, in click\n    self._execute(Command.CLICK_ELEMENT)\n  File \"/opt/hostedtoolcache/Python/3.7.13/x64/lib/python3.7/site-packages/selenium/webdriver/remote/webelement.py\", line 633, in _execute\n    return self._parent.execute(command, params)\n  File \"/opt/hostedtoolcache/Python/3.7.13/x64/lib/python3.7/site-packages/selenium/webdriver/remote/webdriver.py\", line 321, in execute\n    self.error_handler.check_response(response)\n  File \"/opt/hostedtoolcache/Python/3.7.13/x64/lib/python3.7/site-packages/selenium/webdriver/remote/errorhandler.py\", line 242, in check_response\n    raise exception_class(message, screen, stacktrace)\n","steps":[],"attachments":[],"parameters":[],"stepsCount":0,"attachmentsCount":0,"shouldDisplayMessage":true,"hasContent":true}],"attachments":[],"parameters":[],"stepsCount":2,"attachmentsCount":0,"shouldDisplayMessage":false,"hasContent":true},{"name":"ui_login::0","time":{"start":1658407063102,"stop":1658407063103,"duration":1},"status":"passed","steps":[],"attachments":[],"parameters":[],"stepsCount":0,"attachmentsCount":0,"shouldDisplayMessage":false,"hasContent":false},{"name":"fw_api::0","time":{"start":1658407063103,"stop":1658407063103,"duration":0},"status":"passed","steps":[],"attachments":[],"parameters":[],"stepsCount":0,"attachmentsCount":0,"shouldDisplayMessage":false,"hasContent":false}],"labels":[{"name":"tag","value":"@pytest.mark.usefixtures('check_known_issues')"},{"name":"tag","value":"regression"},{"name":"tag","value":"indevelopment"},{"name":"parentSuite","value":"tests.end2end.rules_console"},{"name":"suite","value":"test_smart_rule_flow"},{"name":"subSuite","value":"TestSmartRuleFlow"},{"name":"host","value":"ip-10-20-30-10"},{"name":"thread","value":"29684-MainThread"},{"name":"framework","value":"pytest"},{"name":"language","value":"cpython3"},{"name":"package","value":"tests.end2end.rules_console.test_smart_rule_flow"},{"name":"resultFormat","value":"allure2"}],"parameters":[{"name":"browser","value":"'chrome'"},{"name":"smart_rules_static_conditions","value":"{'field': 'Transaction Time', 'decision': 'block', 'operator': 'Before', 'value_option': 'Custom Time:', 'value': '10:00:00', 'txn_update': {'transaction_gmt_datetime': '2030-07-01 01:20:00'}, 'expected_response': 'block'}"}],"links":[],"hidden":false,"retry":false,"extra":{"severity":"normal","retries":[],"categories":[{"name":"Test defects","matchedStatuses":[],"flaky":false}],"tags":["@pytest.mark.usefixtures('check_known_issues')","regression","indevelopment"]},"source":"34a573fcc76faffb.json","parameterValues":["'chrome'","{'field': 'Transaction Time', 'decision': 'block', 'operator': 'Before', 'value_option': 'Custom Time:', 'value': '10:00:00', 'txn_update': {'transaction_gmt_datetime': '2030-07-01 01:20:00'}, 'expected_response': 'block'}"]}