{"uid":"81ee9641cb90ebf3","name":"Smart Rule Add Score: Transaction Time","fullName":"tests.end2end.rules_console.test_smart_rule_flow.TestSmartRuleFlow#test_sr_scoring","historyId":"ed45652c6a8d4918244d1bca85d5682c","time":{"start":1658483057025,"stop":1658483060715,"duration":3690},"status":"broken","statusMessage":"selenium.common.exceptions.ElementClickInterceptedException: Message: element click intercepted: Element <button id=\"addScoringCond\" class=\"btn\" type=\"button\">...</button> is not clickable at point (185, 586). Other element would receive the click: <div class=\"alerty-overlay active\" tabindex=\"-1\" id=\"overlay-alerty434103\"></div>\n  (Session info: headless chrome=103.0.5060.114)","statusTrace":"self = <test_smart_rule_flow.TestSmartRuleFlow object at 0x7f398faff490>\nfw_api = <fw.api.client.FraudwallAPI object at 0x7f398f5e8f90>\nui_login = <fw.pages.transaction_logs.transaction_page.TransactionLogsPage object at 0x7f398f8f7550>\nsmart_rules_add_score = {'field': 'Transaction Time', 'operator': 'After or on', 'txn_update': {'transaction_gmt_datetime': '2030-06-01 02:00:00'}, 'value': '10:00:00', ...}\ntxn_samples = <test_data.transactions.TransactionSamples object at 0x7f398f4fb150>\ncleanup_smart_rules = ['tr_Transaction Time_add_score_20220722_094417']\n\n    def test_sr_scoring(self, fw_api, ui_login, smart_rules_add_score, txn_samples, cleanup_smart_rules):\n        # Generate unique test name with timestamp\n        UNIQUE_INDENTIFIER = f\"{smart_rules_add_score['field']}_add_score\"\n        TEST_RULE_NAME = f\"tr_{UNIQUE_INDENTIFIER}_{self.current_timestr}\"\n        TEST_SCORE = 90\n        TEST_SCORE_REASON = f\"test automation: {UNIQUE_INDENTIFIER}\"\n        allure.dynamic.title(f\"Smart Rule Add Score: {smart_rules_add_score['field']}\")\n    \n        # Post Test Cleanup\n        cleanup_smart_rules.append(TEST_RULE_NAME)\n    \n        # Navigate to Smart Rules\n        side_navbar = SideBarPage(self.driver)\n        side_navbar.expand_rules_console()\n        with url_change(side_navbar, fail_message=\"Failed to navigate to Smart Rules.\"):\n            smartrules_page = side_navbar.click_smart_rules()\n    \n        # Create Smart Rule\n        create_rule_page = smartrules_page.click_add_new_rule()\n        create_rule_page.tick_active_rule_upon_save()\n        create_rule_page.enter_name(TEST_RULE_NAME)\n        create_rule_page.select_static_condition_field(smart_rules_add_score['field'])\n        create_rule_page.select_static_condition_opt(smart_rules_add_score['operator'])\n        create_rule_page.select_static_condition_value(smart_rules_add_score['value_option'])\n        create_rule_page.enter_static_condition_value(smart_rules_add_score['value'])\n>       create_rule_page.click_add_scoring()\n\ntests/end2end/rules_console/test_smart_rule_flow.py:155: \n_ _ _ _ _ _ _ _ _ _ _ _ _ _ _ _ _ _ _ _ _ _ _ _ _ _ _ _ _ _ _ _ _ _ _ _ _ _ _ _ \nfw/pages/smart_rules/create_rule_page.py:105: in click_add_scoring\n    btn.click()\n/opt/hostedtoolcache/Python/3.7.13/x64/lib/python3.7/site-packages/selenium/webdriver/remote/webelement.py:80: in click\n    self._execute(Command.CLICK_ELEMENT)\n/opt/hostedtoolcache/Python/3.7.13/x64/lib/python3.7/site-packages/selenium/webdriver/remote/webelement.py:633: in _execute\n    return self._parent.execute(command, params)\n/opt/hostedtoolcache/Python/3.7.13/x64/lib/python3.7/site-packages/selenium/webdriver/remote/webdriver.py:321: in execute\n    self.error_handler.check_response(response)\n_ _ _ _ _ _ _ _ _ _ _ _ _ _ _ _ _ _ _ _ _ _ _ _ _ _ _ _ _ _ _ _ _ _ _ _ _ _ _ _ \n\nself = <selenium.webdriver.remote.errorhandler.ErrorHandler object at 0x7f398fb11910>\nresponse = {'status': 400, 'value': '{\"value\":{\"error\":\"element click intercepted\",\"message\":\"element click intercepted: Element ...\\\\n#20 0x56486ddb8a43 \\\\u003Cunknown>\\\\n#21 0x56486ddd2593 \\\\u003Cunknown>\\\\n#22 0x7ffaa9303609 \\\\u003Cunknown>\\\\n\"}}'}\n\n    def check_response(self, response):\n        \"\"\"\n        Checks that a JSON response from the WebDriver does not have an error.\n    \n        :Args:\n         - response - The JSON response from the WebDriver server as a dictionary\n           object.\n    \n        :Raises: If the response contains an error message.\n        \"\"\"\n        status = response.get('status', None)\n        if status is None or status == ErrorCode.SUCCESS:\n            return\n        value = None\n        message = response.get(\"message\", \"\")\n        screen = response.get(\"screen\", \"\")\n        stacktrace = None\n        if isinstance(status, int):\n            value_json = response.get('value', None)\n            if value_json and isinstance(value_json, basestring):\n                import json\n                try:\n                    value = json.loads(value_json)\n                    if len(value.keys()) == 1:\n                        value = value['value']\n                    status = value.get('error', None)\n                    if status is None:\n                        status = value[\"status\"]\n                        message = value[\"value\"]\n                        if not isinstance(message, basestring):\n                            value = message\n                            message = message.get('message')\n                    else:\n                        message = value.get('message', None)\n                except ValueError:\n                    pass\n    \n        exception_class = ErrorInResponseException\n        if status in ErrorCode.NO_SUCH_ELEMENT:\n            exception_class = NoSuchElementException\n        elif status in ErrorCode.NO_SUCH_FRAME:\n            exception_class = NoSuchFrameException\n        elif status in ErrorCode.NO_SUCH_WINDOW:\n            exception_class = NoSuchWindowException\n        elif status in ErrorCode.STALE_ELEMENT_REFERENCE:\n            exception_class = StaleElementReferenceException\n        elif status in ErrorCode.ELEMENT_NOT_VISIBLE:\n            exception_class = ElementNotVisibleException\n        elif status in ErrorCode.INVALID_ELEMENT_STATE:\n            exception_class = InvalidElementStateException\n        elif status in ErrorCode.INVALID_SELECTOR \\\n                or status in ErrorCode.INVALID_XPATH_SELECTOR \\\n                or status in ErrorCode.INVALID_XPATH_SELECTOR_RETURN_TYPER:\n            exception_class = InvalidSelectorException\n        elif status in ErrorCode.ELEMENT_IS_NOT_SELECTABLE:\n            exception_class = ElementNotSelectableException\n        elif status in ErrorCode.ELEMENT_NOT_INTERACTABLE:\n            exception_class = ElementNotInteractableException\n        elif status in ErrorCode.INVALID_COOKIE_DOMAIN:\n            exception_class = InvalidCookieDomainException\n        elif status in ErrorCode.UNABLE_TO_SET_COOKIE:\n            exception_class = UnableToSetCookieException\n        elif status in ErrorCode.TIMEOUT:\n            exception_class = TimeoutException\n        elif status in ErrorCode.SCRIPT_TIMEOUT:\n            exception_class = TimeoutException\n        elif status in ErrorCode.UNKNOWN_ERROR:\n            exception_class = WebDriverException\n        elif status in ErrorCode.UNEXPECTED_ALERT_OPEN:\n            exception_class = UnexpectedAlertPresentException\n        elif status in ErrorCode.NO_ALERT_OPEN:\n            exception_class = NoAlertPresentException\n        elif status in ErrorCode.IME_NOT_AVAILABLE:\n            exception_class = ImeNotAvailableException\n        elif status in ErrorCode.IME_ENGINE_ACTIVATION_FAILED:\n            exception_class = ImeActivationFailedException\n        elif status in ErrorCode.MOVE_TARGET_OUT_OF_BOUNDS:\n            exception_class = MoveTargetOutOfBoundsException\n        elif status in ErrorCode.JAVASCRIPT_ERROR:\n            exception_class = JavascriptException\n        elif status in ErrorCode.SESSION_NOT_CREATED:\n            exception_class = SessionNotCreatedException\n        elif status in ErrorCode.INVALID_ARGUMENT:\n            exception_class = InvalidArgumentException\n        elif status in ErrorCode.NO_SUCH_COOKIE:\n            exception_class = NoSuchCookieException\n        elif status in ErrorCode.UNABLE_TO_CAPTURE_SCREEN:\n            exception_class = ScreenshotException\n        elif status in ErrorCode.ELEMENT_CLICK_INTERCEPTED:\n            exception_class = ElementClickInterceptedException\n        elif status in ErrorCode.INSECURE_CERTIFICATE:\n            exception_class = InsecureCertificateException\n        elif status in ErrorCode.INVALID_COORDINATES:\n            exception_class = InvalidCoordinatesException\n        elif status in ErrorCode.INVALID_SESSION_ID:\n            exception_class = InvalidSessionIdException\n        elif status in ErrorCode.UNKNOWN_METHOD:\n            exception_class = UnknownMethodException\n        else:\n            exception_class = WebDriverException\n        if value == '' or value is None:\n            value = response['value']\n        if isinstance(value, basestring):\n            if exception_class == ErrorInResponseException:\n                raise exception_class(response, value)\n            raise exception_class(value)\n        if message == \"\" and 'message' in value:\n            message = value['message']\n    \n        screen = None\n        if 'screen' in value:\n            screen = value['screen']\n    \n        stacktrace = None\n        if 'stackTrace' in value and value['stackTrace']:\n            stacktrace = []\n            try:\n                for frame in value['stackTrace']:\n                    line = self._value_or_default(frame, 'lineNumber', '')\n                    file = self._value_or_default(frame, 'fileName', '<anonymous>')\n                    if line:\n                        file = \"%s:%s\" % (file, line)\n                    meth = self._value_or_default(frame, 'methodName', '<anonymous>')\n                    if 'className' in frame:\n                        meth = \"%s.%s\" % (frame['className'], meth)\n                    msg = \"    at %s (%s)\"\n                    msg = msg % (meth, file)\n                    stacktrace.append(msg)\n            except TypeError:\n                pass\n        if exception_class == ErrorInResponseException:\n            raise exception_class(response, message)\n        elif exception_class == UnexpectedAlertPresentException:\n            alert_text = None\n            if 'data' in value:\n                alert_text = value['data'].get('text')\n            elif 'alert' in value:\n                alert_text = value['alert'].get('text')\n            raise exception_class(message, screen, stacktrace, alert_text)\n>       raise exception_class(message, screen, stacktrace)\nE       selenium.common.exceptions.ElementClickInterceptedException: Message: element click intercepted: Element <button id=\"addScoringCond\" class=\"btn\" type=\"button\">...</button> is not clickable at point (185, 586). Other element would receive the click: <div class=\"alerty-overlay active\" tabindex=\"-1\" id=\"overlay-alerty434103\"></div>\nE         (Session info: headless chrome=103.0.5060.114)\n\n/opt/hostedtoolcache/Python/3.7.13/x64/lib/python3.7/site-packages/selenium/webdriver/remote/errorhandler.py:242: ElementClickInterceptedException","flaky":false,"newFailed":false,"newBroken":false,"newPassed":false,"retriesCount":0,"retriesStatusChange":false,"beforeStages":[{"name":"cfg","time":{"start":1658475055993,"stop":1658475055993,"duration":0},"status":"passed","steps":[],"attachments":[],"parameters":[],"stepsCount":0,"attachmentsCount":0,"shouldDisplayMessage":false,"hasContent":false},{"name":"users","time":{"start":1658475055994,"stop":1658475055994,"duration":0},"status":"passed","steps":[],"attachments":[],"parameters":[],"stepsCount":0,"attachmentsCount":0,"shouldDisplayMessage":false,"hasContent":false},{"name":"browser","time":{"start":1658475723406,"stop":1658475724740,"duration":1334},"status":"passed","steps":[],"attachments":[],"parameters":[],"stepsCount":0,"attachmentsCount":0,"shouldDisplayMessage":false,"hasContent":false},{"name":"ui_logout","time":{"start":1658475724741,"stop":1658475724741,"duration":0},"status":"passed","steps":[],"attachments":[],"parameters":[],"stepsCount":0,"attachmentsCount":0,"shouldDisplayMessage":false,"hasContent":false},{"name":"check_known_issues","time":{"start":1658483053600,"stop":1658483053600,"duration":0},"status":"passed","steps":[],"attachments":[],"parameters":[],"stepsCount":0,"attachmentsCount":0,"shouldDisplayMessage":false,"hasContent":false},{"name":"fw_api","time":{"start":1658483053600,"stop":1658483053600,"duration":0},"status":"passed","steps":[],"attachments":[],"parameters":[],"stepsCount":0,"attachmentsCount":0,"shouldDisplayMessage":false,"hasContent":false},{"name":"ui_login","time":{"start":1658483053600,"stop":1658483057023,"duration":3423},"status":"passed","steps":[],"attachments":[],"parameters":[],"stepsCount":0,"attachmentsCount":0,"shouldDisplayMessage":false,"hasContent":false},{"name":"smart_rules_add_score","time":{"start":1658483057024,"stop":1658483057024,"duration":0},"status":"passed","steps":[],"attachments":[{"uid":"5ccdb07dc9f8f33b","name":"Test Parameters","source":"5ccdb07dc9f8f33b.txt","type":"text/plain","size":202}],"parameters":[],"stepsCount":0,"attachmentsCount":1,"shouldDisplayMessage":false,"hasContent":true},{"name":"txn_samples","time":{"start":1658483057024,"stop":1658483057024,"duration":0},"status":"passed","steps":[],"attachments":[],"parameters":[],"stepsCount":0,"attachmentsCount":0,"shouldDisplayMessage":false,"hasContent":false},{"name":"cleanup_smart_rules","time":{"start":1658483057024,"stop":1658483057025,"duration":1},"status":"passed","steps":[],"attachments":[],"parameters":[],"stepsCount":0,"attachmentsCount":0,"shouldDisplayMessage":false,"hasContent":false},{"name":"run_only_str_contains","time":{"start":1658483057024,"stop":1658483057024,"duration":0},"status":"passed","steps":[],"attachments":[],"parameters":[],"stepsCount":0,"attachmentsCount":0,"shouldDisplayMessage":false,"hasContent":false}],"testStage":{"status":"broken","statusMessage":"selenium.common.exceptions.ElementClickInterceptedException: Message: element click intercepted: Element <button id=\"addScoringCond\" class=\"btn\" type=\"button\">...</button> is not clickable at point (185, 586). Other element would receive the click: <div class=\"alerty-overlay active\" tabindex=\"-1\" id=\"overlay-alerty434103\"></div>\n  (Session info: headless chrome=103.0.5060.114)","statusTrace":"self = <test_smart_rule_flow.TestSmartRuleFlow object at 0x7f398faff490>\nfw_api = <fw.api.client.FraudwallAPI object at 0x7f398f5e8f90>\nui_login = <fw.pages.transaction_logs.transaction_page.TransactionLogsPage object at 0x7f398f8f7550>\nsmart_rules_add_score = {'field': 'Transaction Time', 'operator': 'After or on', 'txn_update': {'transaction_gmt_datetime': '2030-06-01 02:00:00'}, 'value': '10:00:00', ...}\ntxn_samples = <test_data.transactions.TransactionSamples object at 0x7f398f4fb150>\ncleanup_smart_rules = ['tr_Transaction Time_add_score_20220722_094417']\n\n    def test_sr_scoring(self, fw_api, ui_login, smart_rules_add_score, txn_samples, cleanup_smart_rules):\n        # Generate unique test name with timestamp\n        UNIQUE_INDENTIFIER = f\"{smart_rules_add_score['field']}_add_score\"\n        TEST_RULE_NAME = f\"tr_{UNIQUE_INDENTIFIER}_{self.current_timestr}\"\n        TEST_SCORE = 90\n        TEST_SCORE_REASON = f\"test automation: {UNIQUE_INDENTIFIER}\"\n        allure.dynamic.title(f\"Smart Rule Add Score: {smart_rules_add_score['field']}\")\n    \n        # Post Test Cleanup\n        cleanup_smart_rules.append(TEST_RULE_NAME)\n    \n        # Navigate to Smart Rules\n        side_navbar = SideBarPage(self.driver)\n        side_navbar.expand_rules_console()\n        with url_change(side_navbar, fail_message=\"Failed to navigate to Smart Rules.\"):\n            smartrules_page = side_navbar.click_smart_rules()\n    \n        # Create Smart Rule\n        create_rule_page = smartrules_page.click_add_new_rule()\n        create_rule_page.tick_active_rule_upon_save()\n        create_rule_page.enter_name(TEST_RULE_NAME)\n        create_rule_page.select_static_condition_field(smart_rules_add_score['field'])\n        create_rule_page.select_static_condition_opt(smart_rules_add_score['operator'])\n        create_rule_page.select_static_condition_value(smart_rules_add_score['value_option'])\n        create_rule_page.enter_static_condition_value(smart_rules_add_score['value'])\n>       create_rule_page.click_add_scoring()\n\ntests/end2end/rules_console/test_smart_rule_flow.py:155: \n_ _ _ _ _ _ _ _ _ _ _ _ _ _ _ _ _ _ _ _ _ _ _ _ _ _ _ _ _ _ _ _ _ _ _ _ _ _ _ _ \nfw/pages/smart_rules/create_rule_page.py:105: in click_add_scoring\n    btn.click()\n/opt/hostedtoolcache/Python/3.7.13/x64/lib/python3.7/site-packages/selenium/webdriver/remote/webelement.py:80: in click\n    self._execute(Command.CLICK_ELEMENT)\n/opt/hostedtoolcache/Python/3.7.13/x64/lib/python3.7/site-packages/selenium/webdriver/remote/webelement.py:633: in _execute\n    return self._parent.execute(command, params)\n/opt/hostedtoolcache/Python/3.7.13/x64/lib/python3.7/site-packages/selenium/webdriver/remote/webdriver.py:321: in execute\n    self.error_handler.check_response(response)\n_ _ _ _ _ _ _ _ _ _ _ _ _ _ _ _ _ _ _ _ _ _ _ _ _ _ _ _ _ _ _ _ _ _ _ _ _ _ _ _ \n\nself = <selenium.webdriver.remote.errorhandler.ErrorHandler object at 0x7f398fb11910>\nresponse = {'status': 400, 'value': '{\"value\":{\"error\":\"element click intercepted\",\"message\":\"element click intercepted: Element ...\\\\n#20 0x56486ddb8a43 \\\\u003Cunknown>\\\\n#21 0x56486ddd2593 \\\\u003Cunknown>\\\\n#22 0x7ffaa9303609 \\\\u003Cunknown>\\\\n\"}}'}\n\n    def check_response(self, response):\n        \"\"\"\n        Checks that a JSON response from the WebDriver does not have an error.\n    \n        :Args:\n         - response - The JSON response from the WebDriver server as a dictionary\n           object.\n    \n        :Raises: If the response contains an error message.\n        \"\"\"\n        status = response.get('status', None)\n        if status is None or status == ErrorCode.SUCCESS:\n            return\n        value = None\n        message = response.get(\"message\", \"\")\n        screen = response.get(\"screen\", \"\")\n        stacktrace = None\n        if isinstance(status, int):\n            value_json = response.get('value', None)\n            if value_json and isinstance(value_json, basestring):\n                import json\n                try:\n                    value = json.loads(value_json)\n                    if len(value.keys()) == 1:\n                        value = value['value']\n                    status = value.get('error', None)\n                    if status is None:\n                        status = value[\"status\"]\n                        message = value[\"value\"]\n                        if not isinstance(message, basestring):\n                            value = message\n                            message = message.get('message')\n                    else:\n                        message = value.get('message', None)\n                except ValueError:\n                    pass\n    \n        exception_class = ErrorInResponseException\n        if status in ErrorCode.NO_SUCH_ELEMENT:\n            exception_class = NoSuchElementException\n        elif status in ErrorCode.NO_SUCH_FRAME:\n            exception_class = NoSuchFrameException\n        elif status in ErrorCode.NO_SUCH_WINDOW:\n            exception_class = NoSuchWindowException\n        elif status in ErrorCode.STALE_ELEMENT_REFERENCE:\n            exception_class = StaleElementReferenceException\n        elif status in ErrorCode.ELEMENT_NOT_VISIBLE:\n            exception_class = ElementNotVisibleException\n        elif status in ErrorCode.INVALID_ELEMENT_STATE:\n            exception_class = InvalidElementStateException\n        elif status in ErrorCode.INVALID_SELECTOR \\\n                or status in ErrorCode.INVALID_XPATH_SELECTOR \\\n                or status in ErrorCode.INVALID_XPATH_SELECTOR_RETURN_TYPER:\n            exception_class = InvalidSelectorException\n        elif status in ErrorCode.ELEMENT_IS_NOT_SELECTABLE:\n            exception_class = ElementNotSelectableException\n        elif status in ErrorCode.ELEMENT_NOT_INTERACTABLE:\n            exception_class = ElementNotInteractableException\n        elif status in ErrorCode.INVALID_COOKIE_DOMAIN:\n            exception_class = InvalidCookieDomainException\n        elif status in ErrorCode.UNABLE_TO_SET_COOKIE:\n            exception_class = UnableToSetCookieException\n        elif status in ErrorCode.TIMEOUT:\n            exception_class = TimeoutException\n        elif status in ErrorCode.SCRIPT_TIMEOUT:\n            exception_class = TimeoutException\n        elif status in ErrorCode.UNKNOWN_ERROR:\n            exception_class = WebDriverException\n        elif status in ErrorCode.UNEXPECTED_ALERT_OPEN:\n            exception_class = UnexpectedAlertPresentException\n        elif status in ErrorCode.NO_ALERT_OPEN:\n            exception_class = NoAlertPresentException\n        elif status in ErrorCode.IME_NOT_AVAILABLE:\n            exception_class = ImeNotAvailableException\n        elif status in ErrorCode.IME_ENGINE_ACTIVATION_FAILED:\n            exception_class = ImeActivationFailedException\n        elif status in ErrorCode.MOVE_TARGET_OUT_OF_BOUNDS:\n            exception_class = MoveTargetOutOfBoundsException\n        elif status in ErrorCode.JAVASCRIPT_ERROR:\n            exception_class = JavascriptException\n        elif status in ErrorCode.SESSION_NOT_CREATED:\n            exception_class = SessionNotCreatedException\n        elif status in ErrorCode.INVALID_ARGUMENT:\n            exception_class = InvalidArgumentException\n        elif status in ErrorCode.NO_SUCH_COOKIE:\n            exception_class = NoSuchCookieException\n        elif status in ErrorCode.UNABLE_TO_CAPTURE_SCREEN:\n            exception_class = ScreenshotException\n        elif status in ErrorCode.ELEMENT_CLICK_INTERCEPTED:\n            exception_class = ElementClickInterceptedException\n        elif status in ErrorCode.INSECURE_CERTIFICATE:\n            exception_class = InsecureCertificateException\n        elif status in ErrorCode.INVALID_COORDINATES:\n            exception_class = InvalidCoordinatesException\n        elif status in ErrorCode.INVALID_SESSION_ID:\n            exception_class = InvalidSessionIdException\n        elif status in ErrorCode.UNKNOWN_METHOD:\n            exception_class = UnknownMethodException\n        else:\n            exception_class = WebDriverException\n        if value == '' or value is None:\n            value = response['value']\n        if isinstance(value, basestring):\n            if exception_class == ErrorInResponseException:\n                raise exception_class(response, value)\n            raise exception_class(value)\n        if message == \"\" and 'message' in value:\n            message = value['message']\n    \n        screen = None\n        if 'screen' in value:\n            screen = value['screen']\n    \n        stacktrace = None\n        if 'stackTrace' in value and value['stackTrace']:\n            stacktrace = []\n            try:\n                for frame in value['stackTrace']:\n                    line = self._value_or_default(frame, 'lineNumber', '')\n                    file = self._value_or_default(frame, 'fileName', '<anonymous>')\n                    if line:\n                        file = \"%s:%s\" % (file, line)\n                    meth = self._value_or_default(frame, 'methodName', '<anonymous>')\n                    if 'className' in frame:\n                        meth = \"%s.%s\" % (frame['className'], meth)\n                    msg = \"    at %s (%s)\"\n                    msg = msg % (meth, file)\n                    stacktrace.append(msg)\n            except TypeError:\n                pass\n        if exception_class == ErrorInResponseException:\n            raise exception_class(response, message)\n        elif exception_class == UnexpectedAlertPresentException:\n            alert_text = None\n            if 'data' in value:\n                alert_text = value['data'].get('text')\n            elif 'alert' in value:\n                alert_text = value['alert'].get('text')\n            raise exception_class(message, screen, stacktrace, alert_text)\n>       raise exception_class(message, screen, stacktrace)\nE       selenium.common.exceptions.ElementClickInterceptedException: Message: element click intercepted: Element <button id=\"addScoringCond\" class=\"btn\" type=\"button\">...</button> is not clickable at point (185, 586). Other element would receive the click: <div class=\"alerty-overlay active\" tabindex=\"-1\" id=\"overlay-alerty434103\"></div>\nE         (Session info: headless chrome=103.0.5060.114)\n\n/opt/hostedtoolcache/Python/3.7.13/x64/lib/python3.7/site-packages/selenium/webdriver/remote/errorhandler.py:242: ElementClickInterceptedException","steps":[{"name":"Expand Rules Console Navbar","time":{"start":1658483057027,"stop":1658483057133,"duration":106},"status":"passed","steps":[],"attachments":[],"parameters":[],"stepsCount":0,"attachmentsCount":0,"shouldDisplayMessage":false,"hasContent":false},{"name":"Navigate to Rules Console - Smart Rules","time":{"start":1658483057143,"stop":1658483057803,"duration":660},"status":"passed","steps":[],"attachments":[],"parameters":[],"stepsCount":0,"attachmentsCount":0,"shouldDisplayMessage":false,"hasContent":false},{"name":"Click Add New Rule","time":{"start":1658483057808,"stop":1658483058316,"duration":508},"status":"passed","steps":[{"name":"Wait for filter bar to load","time":{"start":1658483057808,"stop":1658483058212,"duration":404},"status":"passed","steps":[],"attachments":[],"parameters":[],"stepsCount":0,"attachmentsCount":0,"shouldDisplayMessage":false,"hasContent":false}],"attachments":[],"parameters":[],"stepsCount":1,"attachmentsCount":0,"shouldDisplayMessage":false,"hasContent":true},{"name":"Tick Activate Rule upon save","time":{"start":1658483058316,"stop":1658483058396,"duration":80},"status":"passed","steps":[],"attachments":[],"parameters":[],"stepsCount":0,"attachmentsCount":0,"shouldDisplayMessage":false,"hasContent":false},{"name":"Fill in Rule Name","time":{"start":1658483058396,"stop":1658483058614,"duration":218},"status":"passed","steps":[],"attachments":[],"parameters":[{"name":"name","value":"'tr_Transaction Time_add_score_20220722_094417'"}],"stepsCount":0,"attachmentsCount":0,"shouldDisplayMessage":false,"hasContent":true},{"name":"Select static condition from dropdown: 'Transaction Time'","time":{"start":1658483058614,"stop":1658483058708,"duration":94},"status":"passed","steps":[],"attachments":[],"parameters":[{"name":"field","value":"'Transaction Time'"}],"stepsCount":0,"attachmentsCount":0,"shouldDisplayMessage":false,"hasContent":true},{"name":"Select condition option from dropdown: 'After or on'","time":{"start":1658483058709,"stop":1658483058798,"duration":89},"status":"passed","steps":[],"attachments":[],"parameters":[{"name":"opt","value":"'After or on'"}],"stepsCount":0,"attachmentsCount":0,"shouldDisplayMessage":false,"hasContent":true},{"name":"Select value type from dropdown: 'Custom Time:'","time":{"start":1658483058798,"stop":1658483058886,"duration":88},"status":"passed","steps":[],"attachments":[],"parameters":[{"name":"value","value":"'Custom Time:'"}],"stepsCount":0,"attachmentsCount":0,"shouldDisplayMessage":false,"hasContent":true},{"name":"Fill in value input: '10:00:00'","time":{"start":1658483058886,"stop":1658483059566,"duration":680},"status":"passed","steps":[],"attachments":[],"parameters":[{"name":"value","value":"'10:00:00'"}],"stepsCount":0,"attachmentsCount":0,"shouldDisplayMessage":false,"hasContent":true},{"name":"Click Add Scoring","time":{"start":1658483059566,"stop":1658483060715,"duration":1149},"status":"broken","statusMessage":"selenium.common.exceptions.ElementClickInterceptedException: Message: element click intercepted: Element <button id=\"addScoringCond\" class=\"btn\" type=\"button\">...</button> is not clickable at point (185, 586). Other element would receive the click: <div class=\"alerty-overlay active\" tabindex=\"-1\" id=\"overlay-alerty434103\"></div>\n  (Session info: headless chrome=103.0.5060.114)\n\n","statusTrace":"  File \"/opt/hostedtoolcache/Python/3.7.13/x64/lib/python3.7/site-packages/allure_commons/_allure.py\", line 172, in impl\n    return func(*a, **kw)\n  File \"/var/snap/amazon-ssm-agent/5656/actions-runner/_work/test-fw-ci/test-fw-ci/fw/pages/smart_rules/create_rule_page.py\", line 105, in click_add_scoring\n    btn.click()\n  File \"/opt/hostedtoolcache/Python/3.7.13/x64/lib/python3.7/site-packages/selenium/webdriver/remote/webelement.py\", line 80, in click\n    self._execute(Command.CLICK_ELEMENT)\n  File \"/opt/hostedtoolcache/Python/3.7.13/x64/lib/python3.7/site-packages/selenium/webdriver/remote/webelement.py\", line 633, in _execute\n    return self._parent.execute(command, params)\n  File \"/opt/hostedtoolcache/Python/3.7.13/x64/lib/python3.7/site-packages/selenium/webdriver/remote/webdriver.py\", line 321, in execute\n    self.error_handler.check_response(response)\n  File \"/opt/hostedtoolcache/Python/3.7.13/x64/lib/python3.7/site-packages/selenium/webdriver/remote/errorhandler.py\", line 242, in check_response\n    raise exception_class(message, screen, stacktrace)\n","steps":[],"attachments":[],"parameters":[],"stepsCount":0,"attachmentsCount":0,"shouldDisplayMessage":true,"hasContent":true}],"attachments":[{"uid":"4e759d7830cb37fa","name":"c65c23cf-d1a3-490e-84de-604a7f8bcf17-attachment.png","source":"4e759d7830cb37fa.png","type":"image/png","size":63730},{"uid":"b78e35fbaabbaa29","name":"log","source":"b78e35fbaabbaa29.txt","type":"text/plain","size":385}],"parameters":[],"stepsCount":11,"attachmentsCount":2,"shouldDisplayMessage":true,"hasContent":true},"afterStages":[{"name":"cleanup_smart_rules::0","time":{"start":1658483060898,"stop":1658483062053,"duration":1155},"status":"passed","steps":[{"name":"Expand Rules Console Navbar","time":{"start":1658483060901,"stop":1658483060958,"duration":57},"status":"passed","steps":[],"attachments":[],"parameters":[],"stepsCount":0,"attachmentsCount":0,"shouldDisplayMessage":false,"hasContent":false},{"name":"Navigate to Rules Console - Smart Rules","time":{"start":1658483060958,"stop":1658483062053,"duration":1095},"status":"broken","statusMessage":"selenium.common.exceptions.ElementClickInterceptedException: Message: element click intercepted: Element <a href=\"/rules\" title=\"Smart Rules\" class=\"active\">...</a> is not clickable at point (100, 164). Other element would receive the click: <div class=\"alerty-overlay active\" tabindex=\"-1\" id=\"overlay-alerty434103\"></div>\n  (Session info: headless chrome=103.0.5060.114)\n\n","statusTrace":"  File \"/opt/hostedtoolcache/Python/3.7.13/x64/lib/python3.7/site-packages/allure_commons/_allure.py\", line 172, in impl\n    return func(*a, **kw)\n  File \"/var/snap/amazon-ssm-agent/5656/actions-runner/_work/test-fw-ci/test-fw-ci/fw/pages/side_bar_page.py\", line 30, in click_smart_rules\n    self.get_element(self.SMART_RULES).click()\n  File \"/opt/hostedtoolcache/Python/3.7.13/x64/lib/python3.7/site-packages/selenium/webdriver/remote/webelement.py\", line 80, in click\n    self._execute(Command.CLICK_ELEMENT)\n  File \"/opt/hostedtoolcache/Python/3.7.13/x64/lib/python3.7/site-packages/selenium/webdriver/remote/webelement.py\", line 633, in _execute\n    return self._parent.execute(command, params)\n  File \"/opt/hostedtoolcache/Python/3.7.13/x64/lib/python3.7/site-packages/selenium/webdriver/remote/webdriver.py\", line 321, in execute\n    self.error_handler.check_response(response)\n  File \"/opt/hostedtoolcache/Python/3.7.13/x64/lib/python3.7/site-packages/selenium/webdriver/remote/errorhandler.py\", line 242, in check_response\n    raise exception_class(message, screen, stacktrace)\n","steps":[],"attachments":[],"parameters":[],"stepsCount":0,"attachmentsCount":0,"shouldDisplayMessage":true,"hasContent":true}],"attachments":[],"parameters":[],"stepsCount":2,"attachmentsCount":0,"shouldDisplayMessage":false,"hasContent":true},{"name":"ui_login::0","time":{"start":1658483062055,"stop":1658483062056,"duration":1},"status":"passed","steps":[],"attachments":[],"parameters":[],"stepsCount":0,"attachmentsCount":0,"shouldDisplayMessage":false,"hasContent":false},{"name":"fw_api::0","time":{"start":1658483062056,"stop":1658483062056,"duration":0},"status":"passed","steps":[],"attachments":[],"parameters":[],"stepsCount":0,"attachmentsCount":0,"shouldDisplayMessage":false,"hasContent":false},{"name":"ui_logout::0","time":{"start":1658483077550,"stop":1658483077793,"duration":243},"status":"passed","steps":[{"name":"Click Logout","time":{"start":1658483077671,"stop":1658483077785,"duration":114},"status":"passed","steps":[],"attachments":[],"parameters":[],"stepsCount":0,"attachmentsCount":0,"shouldDisplayMessage":false,"hasContent":false}],"attachments":[],"parameters":[],"stepsCount":1,"attachmentsCount":0,"shouldDisplayMessage":false,"hasContent":true},{"name":"browser::0","time":{"start":1658483077833,"stop":1658483078892,"duration":1059},"status":"passed","steps":[],"attachments":[],"parameters":[],"stepsCount":0,"attachmentsCount":0,"shouldDisplayMessage":false,"hasContent":false}],"labels":[{"name":"tag","value":"@pytest.mark.usefixtures('check_known_issues')"},{"name":"tag","value":"indevelopment"},{"name":"tag","value":"regression"},{"name":"parentSuite","value":"tests.end2end.rules_console"},{"name":"suite","value":"test_smart_rule_flow"},{"name":"subSuite","value":"TestSmartRuleFlow"},{"name":"host","value":"ip-10-20-30-10"},{"name":"thread","value":"4335-MainThread"},{"name":"framework","value":"pytest"},{"name":"language","value":"cpython3"},{"name":"package","value":"tests.end2end.rules_console.test_smart_rule_flow"},{"name":"resultFormat","value":"allure2"}],"parameters":[{"name":"browser","value":"'chrome'"},{"name":"smart_rules_add_score","value":"{'field': 'Transaction Time', 'operator': ['After or on', 'After', 'Before', 'Before or on', 'In Range Group', 'Not In Range Group'], 'value_option': ['Custom Time:', 'Custom Time:', 'Custom Time:', 'Custom Time:', 'TA_FW: Time Range', 'TA_FW: Time Range'], 'value': ['10:00:00', '10:00:00', '10:00:00', '10:00:00', None, None], 'txn_update': [{'transaction_gmt_datetime': '2030-06-01 02:00:00'}, {'transaction_gmt_datetime': '2030-06-01 03:15:00'}, {'transaction_gmt_datetime': '2030-07-01 01:20:00'}, {'transaction_gmt_datetime': '2030-07-01 01:45:35'}, {'transaction_gmt_datetime': '2025-05-15 03:15:00'}, {'transaction_gmt_datetime': '2030-06-01 22:05:05'}]}"}],"links":[],"hidden":false,"retry":false,"extra":{"severity":"normal","retries":[],"categories":[{"name":"Test defects","matchedStatuses":[],"flaky":false}],"tags":["@pytest.mark.usefixtures('check_known_issues')","regression","indevelopment"]},"source":"81ee9641cb90ebf3.json","parameterValues":["'chrome'","{'field': 'Transaction Time', 'operator': ['After or on', 'After', 'Before', 'Before or on', 'In Range Group', 'Not In Range Group'], 'value_option': ['Custom Time:', 'Custom Time:', 'Custom Time:', 'Custom Time:', 'TA_FW: Time Range', 'TA_FW: Time Range'], 'value': ['10:00:00', '10:00:00', '10:00:00', '10:00:00', None, None], 'txn_update': [{'transaction_gmt_datetime': '2030-06-01 02:00:00'}, {'transaction_gmt_datetime': '2030-06-01 03:15:00'}, {'transaction_gmt_datetime': '2030-07-01 01:20:00'}, {'transaction_gmt_datetime': '2030-07-01 01:45:35'}, {'transaction_gmt_datetime': '2025-05-15 03:15:00'}, {'transaction_gmt_datetime': '2030-06-01 22:05:05'}]}"]}