{"uid":"1f9c643baaaa0e0b","name":"test_login_successful[chrome]","fullName":"tests.ui.auth.test_login.TestLogin#test_login_successful","historyId":"53a00a84210bad2d528a0987d3ecb6e0","time":{"start":1657868952893,"stop":1657868983423,"duration":30530},"status":"broken","statusMessage":"selenium.common.exceptions.TimeoutException: Message:","statusTrace":"self = <test_login.TestLogin object at 0x7fd9f5561650>\nusers = <config.Credentials object at 0x7fd9f554d950>\n\n    def test_login_successful(self, users):\n        # Login\n        login_page = LoginPage(self.driver)\n>       login_page.enter_username(users.ADMIN.username)\n\ntests/ui/auth/test_login.py:25: \n_ _ _ _ _ _ _ _ _ _ _ _ _ _ _ _ _ _ _ _ _ _ _ _ _ _ _ _ _ _ _ _ _ _ _ _ _ _ _ _ \nfw/pages/login_page.py:14: in enter_username\n    input = self.get_element(self.USERNAME_CSS)\nutils/base_page.py:36: in get_element\n    .until(EC.visibility_of_element_located(locator))\n_ _ _ _ _ _ _ _ _ _ _ _ _ _ _ _ _ _ _ _ _ _ _ _ _ _ _ _ _ _ _ _ _ _ _ _ _ _ _ _ \n\nself = <selenium.webdriver.support.wait.WebDriverWait (session=\"92695256535430e1211d28e0c72c4dad\")>\nmethod = <selenium.webdriver.support.expected_conditions.visibility_of_element_located object at 0x7fd9f55614d0>\nmessage = ''\n\n    def until(self, method, message=''):\n        \"\"\"Calls the method provided with the driver as an argument until the \\\n        return value is not False.\"\"\"\n        screen = None\n        stacktrace = None\n    \n        end_time = time.time() + self._timeout\n        while True:\n            try:\n                value = method(self._driver)\n                if value:\n                    return value\n            except self._ignored_exceptions as exc:\n                screen = getattr(exc, 'screen', None)\n                stacktrace = getattr(exc, 'stacktrace', None)\n            time.sleep(self._poll)\n            if time.time() > end_time:\n                break\n>       raise TimeoutException(message, screen, stacktrace)\nE       selenium.common.exceptions.TimeoutException: Message:\n\n/opt/hostedtoolcache/Python/3.7.13/x64/lib/python3.7/site-packages/selenium/webdriver/support/wait.py:80: TimeoutException","flaky":false,"newFailed":false,"newBroken":false,"newPassed":false,"retriesCount":0,"retriesStatusChange":false,"beforeStages":[{"name":"browser","time":{"start":1657868916198,"stop":1657868922265,"duration":6067},"status":"passed","steps":[],"attachments":[],"parameters":[],"stepsCount":0,"attachmentsCount":0,"shouldDisplayMessage":false,"hasContent":false},{"name":"cfg","time":{"start":1657868916198,"stop":1657868916198,"duration":0},"status":"passed","steps":[],"attachments":[],"parameters":[],"stepsCount":0,"attachmentsCount":0,"shouldDisplayMessage":false,"hasContent":false},{"name":"users","time":{"start":1657868952892,"stop":1657868952892,"duration":0},"status":"passed","steps":[],"attachments":[],"parameters":[],"stepsCount":0,"attachmentsCount":0,"shouldDisplayMessage":false,"hasContent":false},{"name":"check_known_issues","time":{"start":1657868952893,"stop":1657868952893,"duration":0},"status":"passed","steps":[],"attachments":[],"parameters":[],"stepsCount":0,"attachmentsCount":0,"shouldDisplayMessage":false,"hasContent":false}],"testStage":{"status":"broken","statusMessage":"selenium.common.exceptions.TimeoutException: Message:","statusTrace":"self = <test_login.TestLogin object at 0x7fd9f5561650>\nusers = <config.Credentials object at 0x7fd9f554d950>\n\n    def test_login_successful(self, users):\n        # Login\n        login_page = LoginPage(self.driver)\n>       login_page.enter_username(users.ADMIN.username)\n\ntests/ui/auth/test_login.py:25: \n_ _ _ _ _ _ _ _ _ _ _ _ _ _ _ _ _ _ _ _ _ _ _ _ _ _ _ _ _ _ _ _ _ _ _ _ _ _ _ _ \nfw/pages/login_page.py:14: in enter_username\n    input = self.get_element(self.USERNAME_CSS)\nutils/base_page.py:36: in get_element\n    .until(EC.visibility_of_element_located(locator))\n_ _ _ _ _ _ _ _ _ _ _ _ _ _ _ _ _ _ _ _ _ _ _ _ _ _ _ _ _ _ _ _ _ _ _ _ _ _ _ _ \n\nself = <selenium.webdriver.support.wait.WebDriverWait (session=\"92695256535430e1211d28e0c72c4dad\")>\nmethod = <selenium.webdriver.support.expected_conditions.visibility_of_element_located object at 0x7fd9f55614d0>\nmessage = ''\n\n    def until(self, method, message=''):\n        \"\"\"Calls the method provided with the driver as an argument until the \\\n        return value is not False.\"\"\"\n        screen = None\n        stacktrace = None\n    \n        end_time = time.time() + self._timeout\n        while True:\n            try:\n                value = method(self._driver)\n                if value:\n                    return value\n            except self._ignored_exceptions as exc:\n                screen = getattr(exc, 'screen', None)\n                stacktrace = getattr(exc, 'stacktrace', None)\n            time.sleep(self._poll)\n            if time.time() > end_time:\n                break\n>       raise TimeoutException(message, screen, stacktrace)\nE       selenium.common.exceptions.TimeoutException: Message:\n\n/opt/hostedtoolcache/Python/3.7.13/x64/lib/python3.7/site-packages/selenium/webdriver/support/wait.py:80: TimeoutException","steps":[],"attachments":[{"type":"image/png","size":0}],"parameters":[],"stepsCount":0,"attachmentsCount":1,"shouldDisplayMessage":true,"hasContent":true},"afterStages":[{"name":"browser::0","time":{"start":1657868983490,"stop":1657868983546,"duration":56},"status":"passed","steps":[],"attachments":[],"parameters":[],"stepsCount":0,"attachmentsCount":0,"shouldDisplayMessage":false,"hasContent":false}],"labels":[{"name":"tag","value":"@pytest.mark.usefixtures('check_known_issues')"},{"name":"tag","value":"smoke"},{"name":"parentSuite","value":"tests.ui.auth"},{"name":"suite","value":"test_login"},{"name":"subSuite","value":"TestLogin"},{"name":"host","value":"fv-az178-25"},{"name":"thread","value":"2979-MainThread"},{"name":"framework","value":"pytest"},{"name":"language","value":"cpython3"},{"name":"package","value":"tests.ui.auth.test_login"},{"name":"resultFormat","value":"allure2"}],"parameters":[{"name":"browser","value":"'chrome'"}],"links":[],"hidden":false,"retry":false,"extra":{"severity":"normal","retries":[],"categories":[{"name":"Test defects","matchedStatuses":[],"flaky":false}],"tags":["@pytest.mark.usefixtures('check_known_issues')","smoke"]},"source":"1f9c643baaaa0e0b.json","parameterValues":["'chrome'"]}